   1              	 .cpu cortex-m0
   2              	 .fpu softvfp
   3              	 .eabi_attribute 20,1
   4              	 .eabi_attribute 21,1
   5              	 .eabi_attribute 23,3
   6              	 .eabi_attribute 24,1
   7              	 .eabi_attribute 25,1
   8              	 .eabi_attribute 26,1
   9              	 .eabi_attribute 30,6
  10              	 .eabi_attribute 34,0
  11              	 .eabi_attribute 18,4
  12              	 .code 16
  13              	 .file "cpu_ctrl_xmc1.c"
  14              	 .text
  15              	.Ltext0:
  16              	 .cfi_sections .debug_frame
  17              	 .section .text.CPU_CTRL_XMC1_GetAppVersion,"ax",%progbits
  18              	 .align 2
  19              	 .global CPU_CTRL_XMC1_GetAppVersion
  20              	 .code 16
  21              	 .thumb_func
  23              	CPU_CTRL_XMC1_GetAppVersion:
  24              	.LFB42:
  25              	 .file 1 "../Dave/Generated/CPU_CTRL_XMC1/cpu_ctrl_xmc1.c"
   1:../Dave/Generated/CPU_CTRL_XMC1/cpu_ctrl_xmc1.c **** /**
   2:../Dave/Generated/CPU_CTRL_XMC1/cpu_ctrl_xmc1.c ****  * @file cpu_ctrl_xmc1.c
   3:../Dave/Generated/CPU_CTRL_XMC1/cpu_ctrl_xmc1.c ****  * @date 2017-02-22
   4:../Dave/Generated/CPU_CTRL_XMC1/cpu_ctrl_xmc1.c ****  *
   5:../Dave/Generated/CPU_CTRL_XMC1/cpu_ctrl_xmc1.c ****  * NOTE:
   6:../Dave/Generated/CPU_CTRL_XMC1/cpu_ctrl_xmc1.c ****  * This file is generated by DAVE. Any manual modification done to this file will be lost when the 
   7:../Dave/Generated/CPU_CTRL_XMC1/cpu_ctrl_xmc1.c ****  */
   8:../Dave/Generated/CPU_CTRL_XMC1/cpu_ctrl_xmc1.c **** /**
   9:../Dave/Generated/CPU_CTRL_XMC1/cpu_ctrl_xmc1.c ****  * @cond
  10:../Dave/Generated/CPU_CTRL_XMC1/cpu_ctrl_xmc1.c ****  **************************************************************************************************
  11:../Dave/Generated/CPU_CTRL_XMC1/cpu_ctrl_xmc1.c ****  * CPU_CTRL_XMC1 v4.0.12 - Sets the priority grouping for NVIC
  12:../Dave/Generated/CPU_CTRL_XMC1/cpu_ctrl_xmc1.c ****  *
  13:../Dave/Generated/CPU_CTRL_XMC1/cpu_ctrl_xmc1.c ****  * Copyright (c) 2015-2020, Infineon Technologies AG
  14:../Dave/Generated/CPU_CTRL_XMC1/cpu_ctrl_xmc1.c ****  * All rights reserved.
  15:../Dave/Generated/CPU_CTRL_XMC1/cpu_ctrl_xmc1.c ****  *
  16:../Dave/Generated/CPU_CTRL_XMC1/cpu_ctrl_xmc1.c ****  * Redistribution and use in source and binary forms, with or without modification,are permitted pr
  17:../Dave/Generated/CPU_CTRL_XMC1/cpu_ctrl_xmc1.c ****  * following conditions are met:
  18:../Dave/Generated/CPU_CTRL_XMC1/cpu_ctrl_xmc1.c ****  *
  19:../Dave/Generated/CPU_CTRL_XMC1/cpu_ctrl_xmc1.c ****  *   Redistributions of source code must retain the above copyright notice, this list of conditions
  20:../Dave/Generated/CPU_CTRL_XMC1/cpu_ctrl_xmc1.c ****  *   disclaimer.
  21:../Dave/Generated/CPU_CTRL_XMC1/cpu_ctrl_xmc1.c ****  *
  22:../Dave/Generated/CPU_CTRL_XMC1/cpu_ctrl_xmc1.c ****  *   Redistributions in binary form must reproduce the above copyright notice, this list of conditi
  23:../Dave/Generated/CPU_CTRL_XMC1/cpu_ctrl_xmc1.c ****  *   following disclaimer in the documentation and/or other materials provided with the distributio
  24:../Dave/Generated/CPU_CTRL_XMC1/cpu_ctrl_xmc1.c ****  *
  25:../Dave/Generated/CPU_CTRL_XMC1/cpu_ctrl_xmc1.c ****  *   Neither the name of the copyright holders nor the names of its contributors may be used to end
  26:../Dave/Generated/CPU_CTRL_XMC1/cpu_ctrl_xmc1.c ****  *   products derived from this software without specific prior written permission.
  27:../Dave/Generated/CPU_CTRL_XMC1/cpu_ctrl_xmc1.c ****  *
  28:../Dave/Generated/CPU_CTRL_XMC1/cpu_ctrl_xmc1.c ****  * THIS SOFTWARE IS PROVIDED BY THE COPYRIGHT HOLDERS AND CONTRIBUTORS "AS IS" AND ANY EXPRESS OR I
  29:../Dave/Generated/CPU_CTRL_XMC1/cpu_ctrl_xmc1.c ****  * INCLUDING, BUT NOT LIMITED TO, THE IMPLIED WARRANTIES OF MERCHANTABILITY AND FITNESS FOR A PARTI
  30:../Dave/Generated/CPU_CTRL_XMC1/cpu_ctrl_xmc1.c ****  * DISCLAIMED. IN NO EVENT SHALL THE COPYRIGHT HOLDER OR CONTRIBUTORS BE LIABLE  FOR ANY DIRECT, IN
  31:../Dave/Generated/CPU_CTRL_XMC1/cpu_ctrl_xmc1.c ****  * SPECIAL, EXEMPLARY, OR CONSEQUENTIAL DAMAGES (INCLUDING, BUT NOT LIMITED TO, PROCUREMENT OF SUBS
  32:../Dave/Generated/CPU_CTRL_XMC1/cpu_ctrl_xmc1.c ****  * SERVICES; LOSS OF USE, DATA, OR PROFITS; OR BUSINESS INTERRUPTION) HOWEVER CAUSED AND ON ANY THE
  33:../Dave/Generated/CPU_CTRL_XMC1/cpu_ctrl_xmc1.c ****  * WHETHER IN CONTRACT, STRICT LIABILITY,OR TORT (INCLUDING NEGLIGENCE OR OTHERWISE) ARISING IN ANY
  34:../Dave/Generated/CPU_CTRL_XMC1/cpu_ctrl_xmc1.c ****  * USE OF THIS SOFTWARE, EVEN IF ADVISED OF THE POSSIBILITY OF SUCH DAMAGE.
  35:../Dave/Generated/CPU_CTRL_XMC1/cpu_ctrl_xmc1.c ****  *
  36:../Dave/Generated/CPU_CTRL_XMC1/cpu_ctrl_xmc1.c ****  * To improve the quality of the software, users are encouraged to share modifications, enhancement
  37:../Dave/Generated/CPU_CTRL_XMC1/cpu_ctrl_xmc1.c ****  * with Infineon Technologies AG (dave@infineon.com).
  38:../Dave/Generated/CPU_CTRL_XMC1/cpu_ctrl_xmc1.c ****  **************************************************************************************************
  39:../Dave/Generated/CPU_CTRL_XMC1/cpu_ctrl_xmc1.c ****  *
  40:../Dave/Generated/CPU_CTRL_XMC1/cpu_ctrl_xmc1.c ****  * Change History
  41:../Dave/Generated/CPU_CTRL_XMC1/cpu_ctrl_xmc1.c ****  * --------------
  42:../Dave/Generated/CPU_CTRL_XMC1/cpu_ctrl_xmc1.c ****  *
  43:../Dave/Generated/CPU_CTRL_XMC1/cpu_ctrl_xmc1.c ****  * 2015-02-16:
  44:../Dave/Generated/CPU_CTRL_XMC1/cpu_ctrl_xmc1.c ****  *     - Initial version<br>
  45:../Dave/Generated/CPU_CTRL_XMC1/cpu_ctrl_xmc1.c ****  * 2015-08-31:
  46:../Dave/Generated/CPU_CTRL_XMC1/cpu_ctrl_xmc1.c ****  *     - Added hardfault handler
  47:../Dave/Generated/CPU_CTRL_XMC1/cpu_ctrl_xmc1.c ****  * 2017-02-22:
  48:../Dave/Generated/CPU_CTRL_XMC1/cpu_ctrl_xmc1.c ****  *     - Fix compilation warnings
  49:../Dave/Generated/CPU_CTRL_XMC1/cpu_ctrl_xmc1.c ****  *     - Changed hard fault handler to avoid reading from the stack in case an stack overflow cause
  50:../Dave/Generated/CPU_CTRL_XMC1/cpu_ctrl_xmc1.c ****  * @endcond
  51:../Dave/Generated/CPU_CTRL_XMC1/cpu_ctrl_xmc1.c ****  *
  52:../Dave/Generated/CPU_CTRL_XMC1/cpu_ctrl_xmc1.c ****  */
  53:../Dave/Generated/CPU_CTRL_XMC1/cpu_ctrl_xmc1.c **** /**************************************************************************************************
  54:../Dave/Generated/CPU_CTRL_XMC1/cpu_ctrl_xmc1.c ****  * HEADER FILES
  55:../Dave/Generated/CPU_CTRL_XMC1/cpu_ctrl_xmc1.c ****  **************************************************************************************************
  56:../Dave/Generated/CPU_CTRL_XMC1/cpu_ctrl_xmc1.c **** #include "cpu_ctrl_xmc1.h"
  57:../Dave/Generated/CPU_CTRL_XMC1/cpu_ctrl_xmc1.c **** 
  58:../Dave/Generated/CPU_CTRL_XMC1/cpu_ctrl_xmc1.c **** /**************************************************************************************************
  59:../Dave/Generated/CPU_CTRL_XMC1/cpu_ctrl_xmc1.c ****  * MACROS
  60:../Dave/Generated/CPU_CTRL_XMC1/cpu_ctrl_xmc1.c ****  **************************************************************************************************
  61:../Dave/Generated/CPU_CTRL_XMC1/cpu_ctrl_xmc1.c **** 
  62:../Dave/Generated/CPU_CTRL_XMC1/cpu_ctrl_xmc1.c **** /**************************************************************************************************
  63:../Dave/Generated/CPU_CTRL_XMC1/cpu_ctrl_xmc1.c ****  * LOCAL DATA
  64:../Dave/Generated/CPU_CTRL_XMC1/cpu_ctrl_xmc1.c ****  **************************************************************************************************
  65:../Dave/Generated/CPU_CTRL_XMC1/cpu_ctrl_xmc1.c **** 
  66:../Dave/Generated/CPU_CTRL_XMC1/cpu_ctrl_xmc1.c **** /**************************************************************************************************
  67:../Dave/Generated/CPU_CTRL_XMC1/cpu_ctrl_xmc1.c ****  * LOCAL ROUTINES
  68:../Dave/Generated/CPU_CTRL_XMC1/cpu_ctrl_xmc1.c ****  **************************************************************************************************
  69:../Dave/Generated/CPU_CTRL_XMC1/cpu_ctrl_xmc1.c **** 
  70:../Dave/Generated/CPU_CTRL_XMC1/cpu_ctrl_xmc1.c **** /**************************************************************************************************
  71:../Dave/Generated/CPU_CTRL_XMC1/cpu_ctrl_xmc1.c **** * API IMPLEMENTATION
  72:../Dave/Generated/CPU_CTRL_XMC1/cpu_ctrl_xmc1.c **** ***************************************************************************************************
  73:../Dave/Generated/CPU_CTRL_XMC1/cpu_ctrl_xmc1.c **** 
  74:../Dave/Generated/CPU_CTRL_XMC1/cpu_ctrl_xmc1.c **** /*
  75:../Dave/Generated/CPU_CTRL_XMC1/cpu_ctrl_xmc1.c ****  * API to retrieve the version of the CPU_CTRL_XMC1 APP
  76:../Dave/Generated/CPU_CTRL_XMC1/cpu_ctrl_xmc1.c ****  */
  77:../Dave/Generated/CPU_CTRL_XMC1/cpu_ctrl_xmc1.c **** DAVE_APP_VERSION_t CPU_CTRL_XMC1_GetAppVersion(void)
  78:../Dave/Generated/CPU_CTRL_XMC1/cpu_ctrl_xmc1.c **** {
  26              	 .loc 1 78 0
  27              	 .cfi_startproc
  28 0000 80B5     	 push {r7,lr}
  29              	.LCFI0:
  30              	 .cfi_def_cfa_offset 8
  31              	 .cfi_offset 7,-8
  32              	 .cfi_offset 14,-4
  33 0002 82B0     	 sub sp,sp,#8
  34              	.LCFI1:
  35              	 .cfi_def_cfa_offset 16
  36 0004 00AF     	 add r7,sp,#0
  37              	.LCFI2:
  38              	 .cfi_def_cfa_register 7
  79:../Dave/Generated/CPU_CTRL_XMC1/cpu_ctrl_xmc1.c ****   DAVE_APP_VERSION_t version;
  80:../Dave/Generated/CPU_CTRL_XMC1/cpu_ctrl_xmc1.c **** 
  81:../Dave/Generated/CPU_CTRL_XMC1/cpu_ctrl_xmc1.c ****   version.major = CPU_CTRL_XMC1_MAJOR_VERSION;
  39              	 .loc 1 81 0
  40 0006 3B1C     	 mov r3,r7
  41 0008 0422     	 mov r2,#4
  42 000a 1A70     	 strb r2,[r3]
  82:../Dave/Generated/CPU_CTRL_XMC1/cpu_ctrl_xmc1.c ****   version.minor = CPU_CTRL_XMC1_MINOR_VERSION;
  43              	 .loc 1 82 0
  44 000c 3B1C     	 mov r3,r7
  45 000e 0022     	 mov r2,#0
  46 0010 5A70     	 strb r2,[r3,#1]
  83:../Dave/Generated/CPU_CTRL_XMC1/cpu_ctrl_xmc1.c ****   version.patch = CPU_CTRL_XMC1_PATCH_VERSION;
  47              	 .loc 1 83 0
  48 0012 3B1C     	 mov r3,r7
  49 0014 0C22     	 mov r2,#12
  50 0016 9A70     	 strb r2,[r3,#2]
  84:../Dave/Generated/CPU_CTRL_XMC1/cpu_ctrl_xmc1.c **** 
  85:../Dave/Generated/CPU_CTRL_XMC1/cpu_ctrl_xmc1.c ****   return (version);
  51              	 .loc 1 85 0
  52 0018 3B1D     	 add r3,r7,#4
  53 001a 3A1C     	 mov r2,r7
  54 001c 1188     	 ldrh r1,[r2]
  55 001e 1980     	 strh r1,[r3]
  56 0020 9278     	 ldrb r2,[r2,#2]
  57 0022 9A70     	 strb r2,[r3,#2]
  58 0024 3A1D     	 add r2,r7,#4
  59 0026 0023     	 mov r3,#0
  60 0028 1178     	 ldrb r1,[r2]
  61 002a FF20     	 mov r0,#255
  62 002c 0140     	 and r1,r0
  63 002e FF20     	 mov r0,#255
  64 0030 8343     	 bic r3,r0
  65 0032 0B43     	 orr r3,r1
  66 0034 5178     	 ldrb r1,[r2,#1]
  67 0036 FF20     	 mov r0,#255
  68 0038 0140     	 and r1,r0
  69 003a 0902     	 lsl r1,r1,#8
  70 003c 0648     	 ldr r0,.L3
  71 003e 0340     	 and r3,r0
  72 0040 0B43     	 orr r3,r1
  73 0042 9278     	 ldrb r2,[r2,#2]
  74 0044 FF21     	 mov r1,#255
  75 0046 0A40     	 and r2,r1
  76 0048 1204     	 lsl r2,r2,#16
  77 004a 0449     	 ldr r1,.L3+4
  78 004c 0B40     	 and r3,r1
  79 004e 1343     	 orr r3,r2
  86:../Dave/Generated/CPU_CTRL_XMC1/cpu_ctrl_xmc1.c **** }
  80              	 .loc 1 86 0
  81 0050 181C     	 mov r0,r3
  82 0052 BD46     	 mov sp,r7
  83 0054 02B0     	 add sp,sp,#8
  84              	 
  85 0056 80BD     	 pop {r7,pc}
  86              	.L4:
  87              	 .align 2
  88              	.L3:
  89 0058 FF00FFFF 	 .word -65281
  90 005c FFFF00FF 	 .word -16711681
  91              	 .cfi_endproc
  92              	.LFE42:
  94              	 .section .text.CPU_CTRL_XMC1_Init,"ax",%progbits
  95              	 .align 2
  96              	 .global CPU_CTRL_XMC1_Init
  97              	 .code 16
  98              	 .thumb_func
 100              	CPU_CTRL_XMC1_Init:
 101              	.LFB43:
  87:../Dave/Generated/CPU_CTRL_XMC1/cpu_ctrl_xmc1.c **** 
  88:../Dave/Generated/CPU_CTRL_XMC1/cpu_ctrl_xmc1.c **** /* Dummy Init API to maintain backward compatibility */
  89:../Dave/Generated/CPU_CTRL_XMC1/cpu_ctrl_xmc1.c **** CPU_CTRL_XMC1_STATUS_t CPU_CTRL_XMC1_Init(CPU_CTRL_XMC1_t *const handler)
  90:../Dave/Generated/CPU_CTRL_XMC1/cpu_ctrl_xmc1.c **** {
 102              	 .loc 1 90 0
 103              	 .cfi_startproc
 104 0000 80B5     	 push {r7,lr}
 105              	.LCFI3:
 106              	 .cfi_def_cfa_offset 8
 107              	 .cfi_offset 7,-8
 108              	 .cfi_offset 14,-4
 109 0002 82B0     	 sub sp,sp,#8
 110              	.LCFI4:
 111              	 .cfi_def_cfa_offset 16
 112 0004 00AF     	 add r7,sp,#0
 113              	.LCFI5:
 114              	 .cfi_def_cfa_register 7
 115 0006 7860     	 str r0,[r7,#4]
  91:../Dave/Generated/CPU_CTRL_XMC1/cpu_ctrl_xmc1.c ****   (void)handler;
  92:../Dave/Generated/CPU_CTRL_XMC1/cpu_ctrl_xmc1.c ****   return CPU_CTRL_XMC1_STATUS_SUCCESS;
 116              	 .loc 1 92 0
 117 0008 0023     	 mov r3,#0
  93:../Dave/Generated/CPU_CTRL_XMC1/cpu_ctrl_xmc1.c **** }
 118              	 .loc 1 93 0
 119 000a 181C     	 mov r0,r3
 120 000c BD46     	 mov sp,r7
 121 000e 02B0     	 add sp,sp,#8
 122              	 
 123 0010 80BD     	 pop {r7,pc}
 124              	 .cfi_endproc
 125              	.LFE43:
 127 0012 C046     	 .text
 128              	.Letext0:
 129              	 .file 2 "d:\\downloads\\dave_4-4-2_64bit_2018-02-23\\dave-ide-4.4.2-64bit\\dave-ide-4.4.2-64bit\\eclipse\\arm-gcc-49\\arm-none-eabi\\include\\machine\\_default_types.h"
 130              	 .file 3 "d:\\downloads\\dave_4-4-2_64bit_2018-02-23\\dave-ide-4.4.2-64bit\\dave-ide-4.4.2-64bit\\eclipse\\arm-gcc-49\\arm-none-eabi\\include\\stdint.h"
 131              	 .file 4 "C:/Workspaces/DAVE-4.4.2-64Bit/RoverX/Dave/Generated/DAVE_Common.h"
 132              	 .file 5 "../Dave/Generated/CPU_CTRL_XMC1/cpu_ctrl_xmc1.h"
 133              	 .file 6 "C:/Workspaces/DAVE-4.4.2-64Bit/RoverX/Libraries/CMSIS/Include/cmsis_gcc.h"
DEFINED SYMBOLS
                            *ABS*:00000000 cpu_ctrl_xmc1.c
    {standard input}:18     .text.CPU_CTRL_XMC1_GetAppVersion:00000000 $t
    {standard input}:23     .text.CPU_CTRL_XMC1_GetAppVersion:00000000 CPU_CTRL_XMC1_GetAppVersion
    {standard input}:89     .text.CPU_CTRL_XMC1_GetAppVersion:00000058 $d
    {standard input}:95     .text.CPU_CTRL_XMC1_Init:00000000 $t
    {standard input}:100    .text.CPU_CTRL_XMC1_Init:00000000 CPU_CTRL_XMC1_Init
                     .debug_frame:00000010 $d

NO UNDEFINED SYMBOLS
