   1              	 .cpu cortex-m0
   2              	 .fpu softvfp
   3              	 .eabi_attribute 20,1
   4              	 .eabi_attribute 21,1
   5              	 .eabi_attribute 23,3
   6              	 .eabi_attribute 24,1
   7              	 .eabi_attribute 25,1
   8              	 .eabi_attribute 26,1
   9              	 .eabi_attribute 30,6
  10              	 .eabi_attribute 34,0
  11              	 .eabi_attribute 18,4
  12              	 .code 16
  13              	 .file "clock_xmc1.c"
  14              	 .text
  15              	.Ltext0:
  16              	 .cfi_sections .debug_frame
  17              	 .section .text.CLOCK_XMC1_GetAppVersion,"ax",%progbits
  18              	 .align 2
  19              	 .global CLOCK_XMC1_GetAppVersion
  20              	 .code 16
  21              	 .thumb_func
  23              	CLOCK_XMC1_GetAppVersion:
  24              	.LFB62:
  25              	 .file 1 "../Dave/Generated/CLOCK_XMC1/clock_xmc1.c"
   1:../Dave/Generated/CLOCK_XMC1/clock_xmc1.c **** /**
   2:../Dave/Generated/CLOCK_XMC1/clock_xmc1.c ****  * @file clock_xmc1.c
   3:../Dave/Generated/CLOCK_XMC1/clock_xmc1.c ****  * @date 2016-07-08
   4:../Dave/Generated/CLOCK_XMC1/clock_xmc1.c ****  *
   5:../Dave/Generated/CLOCK_XMC1/clock_xmc1.c ****  * NOTE:
   6:../Dave/Generated/CLOCK_XMC1/clock_xmc1.c ****  * This file is generated by DAVE. Any manual modification done to this file will be lost when the 
   7:../Dave/Generated/CLOCK_XMC1/clock_xmc1.c ****  *
   8:../Dave/Generated/CLOCK_XMC1/clock_xmc1.c ****  * @cond
   9:../Dave/Generated/CLOCK_XMC1/clock_xmc1.c ****  **************************************************************************************************
  10:../Dave/Generated/CLOCK_XMC1/clock_xmc1.c ****  * CLOCK_XMC1 v4.0.26 - APP to configure System and Peripheral Clocks.
  11:../Dave/Generated/CLOCK_XMC1/clock_xmc1.c ****  *
  12:../Dave/Generated/CLOCK_XMC1/clock_xmc1.c ****  * Copyright (c) 2015-2020, Infineon Technologies AG
  13:../Dave/Generated/CLOCK_XMC1/clock_xmc1.c ****  * All rights reserved.
  14:../Dave/Generated/CLOCK_XMC1/clock_xmc1.c ****  *
  15:../Dave/Generated/CLOCK_XMC1/clock_xmc1.c ****  * Redistribution and use in source and binary forms, with or without modification,are permitted pr
  16:../Dave/Generated/CLOCK_XMC1/clock_xmc1.c ****  * following conditions are met:   
  17:../Dave/Generated/CLOCK_XMC1/clock_xmc1.c ****  *                                                                              
  18:../Dave/Generated/CLOCK_XMC1/clock_xmc1.c ****  *   Redistributions of source code must retain the above copyright notice, this list of conditions
  19:../Dave/Generated/CLOCK_XMC1/clock_xmc1.c ****  *   disclaimer.                        
  20:../Dave/Generated/CLOCK_XMC1/clock_xmc1.c ****  * 
  21:../Dave/Generated/CLOCK_XMC1/clock_xmc1.c ****  *   Redistributions in binary form must reproduce the above copyright notice, this list of conditi
  22:../Dave/Generated/CLOCK_XMC1/clock_xmc1.c ****  *   following disclaimer in the documentation and/or other materials provided with the distributio
  23:../Dave/Generated/CLOCK_XMC1/clock_xmc1.c ****  *                         
  24:../Dave/Generated/CLOCK_XMC1/clock_xmc1.c ****  *   Neither the name of the copyright holders nor the names of its contributors may be used to end
  25:../Dave/Generated/CLOCK_XMC1/clock_xmc1.c ****  *   products derived from this software without specific prior written permission. 
  26:../Dave/Generated/CLOCK_XMC1/clock_xmc1.c ****  *                                             
  27:../Dave/Generated/CLOCK_XMC1/clock_xmc1.c ****  * THIS SOFTWARE IS PROVIDED BY THE COPYRIGHT HOLDERS AND CONTRIBUTORS "AS IS" AND ANY EXPRESS OR I
  28:../Dave/Generated/CLOCK_XMC1/clock_xmc1.c ****  * INCLUDING, BUT NOT LIMITED TO, THE IMPLIED WARRANTIES OF MERCHANTABILITY AND FITNESS FOR A PARTI
  29:../Dave/Generated/CLOCK_XMC1/clock_xmc1.c ****  * DISCLAIMED. IN NO EVENT SHALL THE COPYRIGHT HOLDER OR CONTRIBUTORS BE LIABLE  FOR ANY DIRECT, IN
  30:../Dave/Generated/CLOCK_XMC1/clock_xmc1.c ****  * SPECIAL, EXEMPLARY, OR CONSEQUENTIAL DAMAGES (INCLUDING, BUT NOT LIMITED TO, PROCUREMENT OF SUBS
  31:../Dave/Generated/CLOCK_XMC1/clock_xmc1.c ****  * SERVICES; LOSS OF USE, DATA, OR PROFITS; OR BUSINESS INTERRUPTION) HOWEVER CAUSED AND ON ANY THE
  32:../Dave/Generated/CLOCK_XMC1/clock_xmc1.c ****  * WHETHER IN CONTRACT, STRICT LIABILITY,OR TORT (INCLUDING NEGLIGENCE OR OTHERWISE) ARISING IN ANY
  33:../Dave/Generated/CLOCK_XMC1/clock_xmc1.c ****  * USE OF THIS SOFTWARE, EVEN IF ADVISED OF THE POSSIBILITY OF SUCH DAMAGE.    
  34:../Dave/Generated/CLOCK_XMC1/clock_xmc1.c ****  *                                                                              
  35:../Dave/Generated/CLOCK_XMC1/clock_xmc1.c ****  * To improve the quality of the software, users are encouraged to share modifications, enhancement
  36:../Dave/Generated/CLOCK_XMC1/clock_xmc1.c ****  * with Infineon Technologies AG (dave@infineon.com).        
  37:../Dave/Generated/CLOCK_XMC1/clock_xmc1.c ****  **************************************************************************************************
  38:../Dave/Generated/CLOCK_XMC1/clock_xmc1.c ****  *
  39:../Dave/Generated/CLOCK_XMC1/clock_xmc1.c ****  * Change History
  40:../Dave/Generated/CLOCK_XMC1/clock_xmc1.c ****  * --------------
  41:../Dave/Generated/CLOCK_XMC1/clock_xmc1.c ****  * 2015-02-16:
  42:../Dave/Generated/CLOCK_XMC1/clock_xmc1.c ****  *     - Initial version for DAVEv4. <BR>
  43:../Dave/Generated/CLOCK_XMC1/clock_xmc1.c ****  * 2015-05-08:
  44:../Dave/Generated/CLOCK_XMC1/clock_xmc1.c ****  *     - Typo mistake corrected in _GetAppVersion(). <BR>
  45:../Dave/Generated/CLOCK_XMC1/clock_xmc1.c ****  * 2015-09-22:
  46:../Dave/Generated/CLOCK_XMC1/clock_xmc1.c ****  *     - CLOCK_XMC1_Init API and CLOCK_XMC1_SetMCLKFrequency APIs are provided. <BR>
  47:../Dave/Generated/CLOCK_XMC1/clock_xmc1.c ****  * 2015-10-19:
  48:../Dave/Generated/CLOCK_XMC1/clock_xmc1.c ****  *     - non-weak OSCHP_GetFrequency function is provided. <BR>
  49:../Dave/Generated/CLOCK_XMC1/clock_xmc1.c ****  *     - CLOCK_XMC1_IsDCO1ExtRefCalibrationReady function is provided. <BR>
  50:../Dave/Generated/CLOCK_XMC1/clock_xmc1.c ****  * 2016-05-24:
  51:../Dave/Generated/CLOCK_XMC1/clock_xmc1.c ****  *     - XMC_ASSERT is added for CLOCK_XMC1_Init API. <BR>
  52:../Dave/Generated/CLOCK_XMC1/clock_xmc1.c ****  * 2016-07-08:
  53:../Dave/Generated/CLOCK_XMC1/clock_xmc1.c ****  *     - Fixed incorrect case for an included header.<br>
  54:../Dave/Generated/CLOCK_XMC1/clock_xmc1.c ****  *
  55:../Dave/Generated/CLOCK_XMC1/clock_xmc1.c ****  * @endcond 
  56:../Dave/Generated/CLOCK_XMC1/clock_xmc1.c ****  *
  57:../Dave/Generated/CLOCK_XMC1/clock_xmc1.c ****  */
  58:../Dave/Generated/CLOCK_XMC1/clock_xmc1.c ****  
  59:../Dave/Generated/CLOCK_XMC1/clock_xmc1.c **** /**************************************************************************************************
  60:../Dave/Generated/CLOCK_XMC1/clock_xmc1.c ****  * HEADER FILES                                                                                    
  61:../Dave/Generated/CLOCK_XMC1/clock_xmc1.c ****  **************************************************************************************************
  62:../Dave/Generated/CLOCK_XMC1/clock_xmc1.c **** #include "clock_xmc1.h"
  63:../Dave/Generated/CLOCK_XMC1/clock_xmc1.c **** 
  64:../Dave/Generated/CLOCK_XMC1/clock_xmc1.c **** /**************************************************************************************************
  65:../Dave/Generated/CLOCK_XMC1/clock_xmc1.c ****  * MACROS
  66:../Dave/Generated/CLOCK_XMC1/clock_xmc1.c ****  **************************************************************************************************
  67:../Dave/Generated/CLOCK_XMC1/clock_xmc1.c **** 
  68:../Dave/Generated/CLOCK_XMC1/clock_xmc1.c **** /**************************************************************************************************
  69:../Dave/Generated/CLOCK_XMC1/clock_xmc1.c ****  * LOCAL DATA
  70:../Dave/Generated/CLOCK_XMC1/clock_xmc1.c ****  **************************************************************************************************
  71:../Dave/Generated/CLOCK_XMC1/clock_xmc1.c **** 
  72:../Dave/Generated/CLOCK_XMC1/clock_xmc1.c **** /**************************************************************************************************
  73:../Dave/Generated/CLOCK_XMC1/clock_xmc1.c ****  * LOCAL ROUTINES
  74:../Dave/Generated/CLOCK_XMC1/clock_xmc1.c ****  **************************************************************************************************
  75:../Dave/Generated/CLOCK_XMC1/clock_xmc1.c **** 
  76:../Dave/Generated/CLOCK_XMC1/clock_xmc1.c **** /**************************************************************************************************
  77:../Dave/Generated/CLOCK_XMC1/clock_xmc1.c **** * API IMPLEMENTATION
  78:../Dave/Generated/CLOCK_XMC1/clock_xmc1.c **** ***************************************************************************************************
  79:../Dave/Generated/CLOCK_XMC1/clock_xmc1.c **** /*  API to retrieve version of the APP */
  80:../Dave/Generated/CLOCK_XMC1/clock_xmc1.c **** DAVE_APP_VERSION_t CLOCK_XMC1_GetAppVersion(void)
  81:../Dave/Generated/CLOCK_XMC1/clock_xmc1.c **** {
  26              	 .loc 1 81 0
  27              	 .cfi_startproc
  28 0000 80B5     	 push {r7,lr}
  29              	.LCFI0:
  30              	 .cfi_def_cfa_offset 8
  31              	 .cfi_offset 7,-8
  32              	 .cfi_offset 14,-4
  33 0002 82B0     	 sub sp,sp,#8
  34              	.LCFI1:
  35              	 .cfi_def_cfa_offset 16
  36 0004 00AF     	 add r7,sp,#0
  37              	.LCFI2:
  38              	 .cfi_def_cfa_register 7
  82:../Dave/Generated/CLOCK_XMC1/clock_xmc1.c ****   DAVE_APP_VERSION_t version;
  83:../Dave/Generated/CLOCK_XMC1/clock_xmc1.c ****   version.major = (uint8_t)CLOCK_XMC1_MAJOR_VERSION;
  39              	 .loc 1 83 0
  40 0006 3B1C     	 mov r3,r7
  41 0008 0422     	 mov r2,#4
  42 000a 1A70     	 strb r2,[r3]
  84:../Dave/Generated/CLOCK_XMC1/clock_xmc1.c ****   version.minor = (uint8_t)CLOCK_XMC1_MINOR_VERSION;
  43              	 .loc 1 84 0
  44 000c 3B1C     	 mov r3,r7
  45 000e 0022     	 mov r2,#0
  46 0010 5A70     	 strb r2,[r3,#1]
  85:../Dave/Generated/CLOCK_XMC1/clock_xmc1.c ****   version.patch = (uint8_t)CLOCK_XMC1_PATCH_VERSION;
  47              	 .loc 1 85 0
  48 0012 3B1C     	 mov r3,r7
  49 0014 1A22     	 mov r2,#26
  50 0016 9A70     	 strb r2,[r3,#2]
  86:../Dave/Generated/CLOCK_XMC1/clock_xmc1.c **** 
  87:../Dave/Generated/CLOCK_XMC1/clock_xmc1.c ****   return (version);
  51              	 .loc 1 87 0
  52 0018 3B1D     	 add r3,r7,#4
  53 001a 3A1C     	 mov r2,r7
  54 001c 1188     	 ldrh r1,[r2]
  55 001e 1980     	 strh r1,[r3]
  56 0020 9278     	 ldrb r2,[r2,#2]
  57 0022 9A70     	 strb r2,[r3,#2]
  58 0024 3A1D     	 add r2,r7,#4
  59 0026 0023     	 mov r3,#0
  60 0028 1178     	 ldrb r1,[r2]
  61 002a FF20     	 mov r0,#255
  62 002c 0140     	 and r1,r0
  63 002e FF20     	 mov r0,#255
  64 0030 8343     	 bic r3,r0
  65 0032 0B43     	 orr r3,r1
  66 0034 5178     	 ldrb r1,[r2,#1]
  67 0036 FF20     	 mov r0,#255
  68 0038 0140     	 and r1,r0
  69 003a 0902     	 lsl r1,r1,#8
  70 003c 0648     	 ldr r0,.L3
  71 003e 0340     	 and r3,r0
  72 0040 0B43     	 orr r3,r1
  73 0042 9278     	 ldrb r2,[r2,#2]
  74 0044 FF21     	 mov r1,#255
  75 0046 0A40     	 and r2,r1
  76 0048 1204     	 lsl r2,r2,#16
  77 004a 0449     	 ldr r1,.L3+4
  78 004c 0B40     	 and r3,r1
  79 004e 1343     	 orr r3,r2
  88:../Dave/Generated/CLOCK_XMC1/clock_xmc1.c **** }
  80              	 .loc 1 88 0
  81 0050 181C     	 mov r0,r3
  82 0052 BD46     	 mov sp,r7
  83 0054 02B0     	 add sp,sp,#8
  84              	 
  85 0056 80BD     	 pop {r7,pc}
  86              	.L4:
  87              	 .align 2
  88              	.L3:
  89 0058 FF00FFFF 	 .word -65281
  90 005c FFFF00FF 	 .word -16711681
  91              	 .cfi_endproc
  92              	.LFE62:
  94              	 .section .text.CLOCK_XMC1_Init,"ax",%progbits
  95              	 .align 2
  96              	 .global CLOCK_XMC1_Init
  97              	 .code 16
  98              	 .thumb_func
 100              	CLOCK_XMC1_Init:
 101              	.LFB63:
  89:../Dave/Generated/CLOCK_XMC1/clock_xmc1.c **** 
  90:../Dave/Generated/CLOCK_XMC1/clock_xmc1.c **** /*
  91:../Dave/Generated/CLOCK_XMC1/clock_xmc1.c ****  * API to initialize the CLOCK_XMC1 APP Interrupts
  92:../Dave/Generated/CLOCK_XMC1/clock_xmc1.c ****  */
  93:../Dave/Generated/CLOCK_XMC1/clock_xmc1.c **** CLOCK_XMC1_STATUS_t CLOCK_XMC1_Init(CLOCK_XMC1_t *handle)
  94:../Dave/Generated/CLOCK_XMC1/clock_xmc1.c **** {
 102              	 .loc 1 94 0
 103              	 .cfi_startproc
 104 0000 80B5     	 push {r7,lr}
 105              	.LCFI3:
 106              	 .cfi_def_cfa_offset 8
 107              	 .cfi_offset 7,-8
 108              	 .cfi_offset 14,-4
 109 0002 84B0     	 sub sp,sp,#16
 110              	.LCFI4:
 111              	 .cfi_def_cfa_offset 24
 112 0004 00AF     	 add r7,sp,#0
 113              	.LCFI5:
 114              	 .cfi_def_cfa_register 7
 115 0006 7860     	 str r0,[r7,#4]
  95:../Dave/Generated/CLOCK_XMC1/clock_xmc1.c ****   CLOCK_XMC1_STATUS_t status = CLOCK_XMC1_STATUS_SUCCESS;
 116              	 .loc 1 95 0
 117 0008 0F23     	 mov r3,#15
 118 000a FB18     	 add r3,r7,r3
 119 000c 0022     	 mov r2,#0
 120 000e 1A70     	 strb r2,[r3]
  96:../Dave/Generated/CLOCK_XMC1/clock_xmc1.c ****   CLOCK_XMC1_STATUS_t loci_event_status = CLOCK_XMC1_STATUS_SUCCESS;
 121              	 .loc 1 96 0
 122 0010 0E23     	 mov r3,#14
 123 0012 FB18     	 add r3,r7,r3
 124 0014 0022     	 mov r2,#0
 125 0016 1A70     	 strb r2,[r3]
  97:../Dave/Generated/CLOCK_XMC1/clock_xmc1.c ****   CLOCK_XMC1_STATUS_t stdbyclkfail_status = CLOCK_XMC1_STATUS_SUCCESS;
 126              	 .loc 1 97 0
 127 0018 0D23     	 mov r3,#13
 128 001a FB18     	 add r3,r7,r3
 129 001c 0022     	 mov r2,#0
 130 001e 1A70     	 strb r2,[r3]
  98:../Dave/Generated/CLOCK_XMC1/clock_xmc1.c ****   CLOCK_XMC1_STATUS_t loss_ext_clock_event_status = CLOCK_XMC1_STATUS_SUCCESS;
 131              	 .loc 1 98 0
 132 0020 0C23     	 mov r3,#12
 133 0022 FB18     	 add r3,r7,r3
 134 0024 0022     	 mov r2,#0
 135 0026 1A70     	 strb r2,[r3]
  99:../Dave/Generated/CLOCK_XMC1/clock_xmc1.c ****   CLOCK_XMC1_STATUS_t dco1_out_sync_status = CLOCK_XMC1_STATUS_SUCCESS;
 136              	 .loc 1 99 0
 137 0028 0B23     	 mov r3,#11
 138 002a FB18     	 add r3,r7,r3
 139 002c 0022     	 mov r2,#0
 140 002e 1A70     	 strb r2,[r3]
 100:../Dave/Generated/CLOCK_XMC1/clock_xmc1.c **** 
 101:../Dave/Generated/CLOCK_XMC1/clock_xmc1.c ****   XMC_ASSERT("CLOCK_XMC1_Init: CLOCK_XMC1 APP handle pointer uninitialized", (handle != NULL));
 102:../Dave/Generated/CLOCK_XMC1/clock_xmc1.c **** 
 103:../Dave/Generated/CLOCK_XMC1/clock_xmc1.c ****   if (handle->init_status == false)
 141              	 .loc 1 103 0
 142 0030 7B68     	 ldr r3,[r7,#4]
 143 0032 1B78     	 ldrb r3,[r3]
 144 0034 0122     	 mov r2,#1
 145 0036 5340     	 eor r3,r2
 146 0038 DBB2     	 uxtb r3,r3
 147 003a 002B     	 cmp r3,#0
 148 003c 1BD0     	 beq .L6
 104:../Dave/Generated/CLOCK_XMC1/clock_xmc1.c ****   {
 105:../Dave/Generated/CLOCK_XMC1/clock_xmc1.c **** #ifdef CLOCK_XMC1_INTERRUPT_ENABLED
 106:../Dave/Generated/CLOCK_XMC1/clock_xmc1.c **** 
 107:../Dave/Generated/CLOCK_XMC1/clock_xmc1.c ****     status = (CLOCK_XMC1_STATUS_t)GLOBAL_SCU_XMC1_Init(handle->global_scu_handleptr);
 108:../Dave/Generated/CLOCK_XMC1/clock_xmc1.c ****     if (CLOCK_XMC1_STATUS_SUCCESS == status)
 109:../Dave/Generated/CLOCK_XMC1/clock_xmc1.c ****     {
 110:../Dave/Generated/CLOCK_XMC1/clock_xmc1.c **** #ifdef CLOCK_XMC1_LOCI_EVENT_ENABLED
 111:../Dave/Generated/CLOCK_XMC1/clock_xmc1.c ****       /* Initialization of CPU_CTRL_XMC1 APP */
 112:../Dave/Generated/CLOCK_XMC1/clock_xmc1.c ****       loci_event_status = (CLOCK_XMC1_STATUS_t)GLOBAL_SCU_XMC1_RegisterCallback(
 113:../Dave/Generated/CLOCK_XMC1/clock_xmc1.c ****                            GLOBAL_SCU_XMC1_EVENT_LOCI, handle->callback_function_loci);
 114:../Dave/Generated/CLOCK_XMC1/clock_xmc1.c ****       /* Enable Loss of DCO1 Clock Event */
 115:../Dave/Generated/CLOCK_XMC1/clock_xmc1.c ****       XMC_SCU_INTERRUPT_EnableEvent(GLOBAL_SCU_XMC1_EVENT_LOCI);
 116:../Dave/Generated/CLOCK_XMC1/clock_xmc1.c **** #endif
 117:../Dave/Generated/CLOCK_XMC1/clock_xmc1.c **** #ifdef CLOCK_XMC1_STDBYCLKFAIL_EVENT_ENABLED
 118:../Dave/Generated/CLOCK_XMC1/clock_xmc1.c ****       /* Initialization of CPU_CTRL_XMC1 APP */
 119:../Dave/Generated/CLOCK_XMC1/clock_xmc1.c ****       stdbyclkfail_status = (CLOCK_XMC1_STATUS_t)GLOBAL_SCU_XMC1_RegisterCallback(
 120:../Dave/Generated/CLOCK_XMC1/clock_xmc1.c ****                              GLOBAL_SCU_XMC1_EVENT_STDBYCLKFAIL, handle->callback_function_stdbyclk
 121:../Dave/Generated/CLOCK_XMC1/clock_xmc1.c ****       /* Enable Standby Clock Failure Event */
 122:../Dave/Generated/CLOCK_XMC1/clock_xmc1.c ****       XMC_SCU_INTERRUPT_EnableEvent(GLOBAL_SCU_XMC1_EVENT_STDBYCLKFAIL);
 123:../Dave/Generated/CLOCK_XMC1/clock_xmc1.c **** #endif
 124:../Dave/Generated/CLOCK_XMC1/clock_xmc1.c **** 
 125:../Dave/Generated/CLOCK_XMC1/clock_xmc1.c **** #if (UC_SERIES == XMC14)
 126:../Dave/Generated/CLOCK_XMC1/clock_xmc1.c **** 
 127:../Dave/Generated/CLOCK_XMC1/clock_xmc1.c **** #ifdef CLOCK_XMC1_LOSS_EXT_CLOCK_EVENT_ENABLED
 128:../Dave/Generated/CLOCK_XMC1/clock_xmc1.c ****       /* Initialization of CPU_CTRL_XMC1 APP */
 129:../Dave/Generated/CLOCK_XMC1/clock_xmc1.c ****       loss_ext_clock_event_status = (CLOCK_XMC1_STATUS_t)GLOBAL_SCU_XMC1_RegisterCallback(
 130:../Dave/Generated/CLOCK_XMC1/clock_xmc1.c ****                                      GLOBAL_SCU_XMC1_EVENT_LOSS_EXT_CLOCK, handle->callback_functio
 131:../Dave/Generated/CLOCK_XMC1/clock_xmc1.c ****       /* Enable Loss of external OSC_HP clock Event */
 132:../Dave/Generated/CLOCK_XMC1/clock_xmc1.c ****       XMC_SCU_INTERRUPT_EnableEvent(GLOBAL_SCU_XMC1_EVENT_LOSS_EXT_CLOCK);
 133:../Dave/Generated/CLOCK_XMC1/clock_xmc1.c **** #endif
 134:../Dave/Generated/CLOCK_XMC1/clock_xmc1.c **** #ifdef CLOCK_XMC1_DCO1_OUT_SYNC_EVENT_ENABLED
 135:../Dave/Generated/CLOCK_XMC1/clock_xmc1.c ****       /* Initialization of CPU_CTRL_XMC1 APP */
 136:../Dave/Generated/CLOCK_XMC1/clock_xmc1.c ****       dco1_out_sync_status = (CLOCK_XMC1_STATUS_t)GLOBAL_SCU_XMC1_RegisterCallback(
 137:../Dave/Generated/CLOCK_XMC1/clock_xmc1.c ****                               GLOBAL_SCU_XMC1_EVENT_DCO1_OUT_SYNC, handle->callback_function_dco1_o
 138:../Dave/Generated/CLOCK_XMC1/clock_xmc1.c ****       /* Enable  DCO1 Out of SYNC Event */
 139:../Dave/Generated/CLOCK_XMC1/clock_xmc1.c ****       XMC_SCU_INTERRUPT_EnableEvent(GLOBAL_SCU_XMC1_EVENT_DCO1_OUT_SYNC);
 140:../Dave/Generated/CLOCK_XMC1/clock_xmc1.c **** #endif
 141:../Dave/Generated/CLOCK_XMC1/clock_xmc1.c **** 
 142:../Dave/Generated/CLOCK_XMC1/clock_xmc1.c **** #endif
 143:../Dave/Generated/CLOCK_XMC1/clock_xmc1.c ****     }
 144:../Dave/Generated/CLOCK_XMC1/clock_xmc1.c **** 
 145:../Dave/Generated/CLOCK_XMC1/clock_xmc1.c **** #endif
 146:../Dave/Generated/CLOCK_XMC1/clock_xmc1.c ****     status = (CLOCK_XMC1_STATUS_t)(((uint32_t)loci_event_status) | ((uint32_t)stdbyclkfail_status) 
 149              	 .loc 1 146 0
 150 003e 0E23     	 mov r3,#14
 151 0040 FA18     	 add r2,r7,r3
 152 0042 0D23     	 mov r3,#13
 153 0044 FB18     	 add r3,r7,r3
 154 0046 1278     	 ldrb r2,[r2]
 155 0048 1B78     	 ldrb r3,[r3]
 156 004a 1343     	 orr r3,r2
 157 004c DAB2     	 uxtb r2,r3
 158 004e 0C23     	 mov r3,#12
 159 0050 FB18     	 add r3,r7,r3
 160 0052 1B78     	 ldrb r3,[r3]
 161 0054 1343     	 orr r3,r2
 162 0056 D9B2     	 uxtb r1,r3
 163 0058 0F23     	 mov r3,#15
 164 005a FB18     	 add r3,r7,r3
 165 005c 0B22     	 mov r2,#11
 166 005e BA18     	 add r2,r7,r2
 167 0060 1278     	 ldrb r2,[r2]
 168 0062 0A43     	 orr r2,r1
 169 0064 1A70     	 strb r2,[r3]
 147:../Dave/Generated/CLOCK_XMC1/clock_xmc1.c ****     		                       ((uint32_t)loss_ext_clock_event_status) | ((uint32_t)dco1_out_sync_sta
 148:../Dave/Generated/CLOCK_XMC1/clock_xmc1.c ****     if (CLOCK_XMC1_STATUS_SUCCESS == status)
 170              	 .loc 1 148 0
 171 0066 0F23     	 mov r3,#15
 172 0068 FB18     	 add r3,r7,r3
 173 006a 1B78     	 ldrb r3,[r3]
 174 006c 002B     	 cmp r3,#0
 175 006e 02D1     	 bne .L6
 149:../Dave/Generated/CLOCK_XMC1/clock_xmc1.c ****     {
 150:../Dave/Generated/CLOCK_XMC1/clock_xmc1.c ****       handle->init_status = true;
 176              	 .loc 1 150 0
 177 0070 7B68     	 ldr r3,[r7,#4]
 178 0072 0122     	 mov r2,#1
 179 0074 1A70     	 strb r2,[r3]
 180              	.L6:
 151:../Dave/Generated/CLOCK_XMC1/clock_xmc1.c ****     }
 152:../Dave/Generated/CLOCK_XMC1/clock_xmc1.c ****   }
 153:../Dave/Generated/CLOCK_XMC1/clock_xmc1.c ****   return (status);
 181              	 .loc 1 153 0
 182 0076 0F23     	 mov r3,#15
 183 0078 FB18     	 add r3,r7,r3
 184 007a 1B78     	 ldrb r3,[r3]
 154:../Dave/Generated/CLOCK_XMC1/clock_xmc1.c **** }
 185              	 .loc 1 154 0
 186 007c 181C     	 mov r0,r3
 187 007e BD46     	 mov sp,r7
 188 0080 04B0     	 add sp,sp,#16
 189              	 
 190 0082 80BD     	 pop {r7,pc}
 191              	 .cfi_endproc
 192              	.LFE63:
 194              	 .section .text.CLOCK_XMC1_SetMCLKFrequency,"ax",%progbits
 195              	 .align 2
 196              	 .global CLOCK_XMC1_SetMCLKFrequency
 197              	 .code 16
 198              	 .thumb_func
 200              	CLOCK_XMC1_SetMCLKFrequency:
 201              	.LFB64:
 155:../Dave/Generated/CLOCK_XMC1/clock_xmc1.c **** 
 156:../Dave/Generated/CLOCK_XMC1/clock_xmc1.c **** /*  API for ramping up/down the system clock frequency  */
 157:../Dave/Generated/CLOCK_XMC1/clock_xmc1.c **** void CLOCK_XMC1_SetMCLKFrequency(uint32_t freq_khz)
 158:../Dave/Generated/CLOCK_XMC1/clock_xmc1.c **** {
 202              	 .loc 1 158 0
 203              	 .cfi_startproc
 204 0000 80B5     	 push {r7,lr}
 205              	.LCFI6:
 206              	 .cfi_def_cfa_offset 8
 207              	 .cfi_offset 7,-8
 208              	 .cfi_offset 14,-4
 209 0002 82B0     	 sub sp,sp,#8
 210              	.LCFI7:
 211              	 .cfi_def_cfa_offset 16
 212 0004 00AF     	 add r7,sp,#0
 213              	.LCFI8:
 214              	 .cfi_def_cfa_register 7
 215 0006 7860     	 str r0,[r7,#4]
 159:../Dave/Generated/CLOCK_XMC1/clock_xmc1.c ****   XMC_SCU_CLOCK_SetMCLKFrequency(freq_khz);
 216              	 .loc 1 159 0
 217 0008 7B68     	 ldr r3,[r7,#4]
 218 000a 181C     	 mov r0,r3
 219 000c FFF7FEFF 	 bl XMC_SCU_CLOCK_SetMCLKFrequency
 160:../Dave/Generated/CLOCK_XMC1/clock_xmc1.c **** }
 220              	 .loc 1 160 0
 221 0010 BD46     	 mov sp,r7
 222 0012 02B0     	 add sp,sp,#8
 223              	 
 224 0014 80BD     	 pop {r7,pc}
 225              	 .cfi_endproc
 226              	.LFE64:
 228 0016 C046     	 .text
 229              	.Letext0:
 230              	 .file 2 "d:\\downloads\\dave_4-4-2_64bit_2018-02-23\\dave-ide-4.4.2-64bit\\dave-ide-4.4.2-64bit\\eclipse\\arm-gcc-49\\arm-none-eabi\\include\\machine\\_default_types.h"
 231              	 .file 3 "d:\\downloads\\dave_4-4-2_64bit_2018-02-23\\dave-ide-4.4.2-64bit\\dave-ide-4.4.2-64bit\\eclipse\\arm-gcc-49\\arm-none-eabi\\include\\stdint.h"
 232              	 .file 4 "C:/Workspaces/DAVE-4.4.2-64Bit/RoverX/Dave/Generated/DAVE_Common.h"
 233              	 .file 5 "../Dave/Generated/CLOCK_XMC1/clock_xmc1.h"
 234              	 .file 6 "C:/Workspaces/DAVE-4.4.2-64Bit/RoverX/Libraries/CMSIS/Include/cmsis_gcc.h"
 235              	 .file 7 "C:/Workspaces/DAVE-4.4.2-64Bit/RoverX/Libraries/CMSIS/Infineon/XMC1400_series/Include/system_XMC1400.h"
DEFINED SYMBOLS
                            *ABS*:00000000 clock_xmc1.c
    {standard input}:18     .text.CLOCK_XMC1_GetAppVersion:00000000 $t
    {standard input}:23     .text.CLOCK_XMC1_GetAppVersion:00000000 CLOCK_XMC1_GetAppVersion
    {standard input}:89     .text.CLOCK_XMC1_GetAppVersion:00000058 $d
    {standard input}:95     .text.CLOCK_XMC1_Init:00000000 $t
    {standard input}:100    .text.CLOCK_XMC1_Init:00000000 CLOCK_XMC1_Init
    {standard input}:195    .text.CLOCK_XMC1_SetMCLKFrequency:00000000 $t
    {standard input}:200    .text.CLOCK_XMC1_SetMCLKFrequency:00000000 CLOCK_XMC1_SetMCLKFrequency
                     .debug_frame:00000010 $d

UNDEFINED SYMBOLS
XMC_SCU_CLOCK_SetMCLKFrequency
