   1              	 .cpu cortex-m0
   2              	 .fpu softvfp
   3              	 .eabi_attribute 20,1
   4              	 .eabi_attribute 21,1
   5              	 .eabi_attribute 23,3
   6              	 .eabi_attribute 24,1
   7              	 .eabi_attribute 25,1
   8              	 .eabi_attribute 26,1
   9              	 .eabi_attribute 30,6
  10              	 .eabi_attribute 34,0
  11              	 .eabi_attribute 18,4
  12              	 .code 16
  13              	 .file "xmc_acmp.c"
  14              	 .text
  15              	.Ltext0:
  16              	 .cfi_sections .debug_frame
  17              	 .section .text.XMC_ACMP_Init,"ax",%progbits
  18              	 .align 2
  19              	 .global XMC_ACMP_Init
  20              	 .code 16
  21              	 .thumb_func
  23              	XMC_ACMP_Init:
  24              	.LFB48:
  25              	 .file 1 "../Libraries/XMCLib/src/xmc_acmp.c"
   1:../Libraries/XMCLib/src/xmc_acmp.c **** /**
   2:../Libraries/XMCLib/src/xmc_acmp.c ****  * @file xmc_acmp.c
   3:../Libraries/XMCLib/src/xmc_acmp.c ****  * @date 2019-12-16
   4:../Libraries/XMCLib/src/xmc_acmp.c ****  *
   5:../Libraries/XMCLib/src/xmc_acmp.c ****  * @cond
   6:../Libraries/XMCLib/src/xmc_acmp.c ****  *****************************************************************************
   7:../Libraries/XMCLib/src/xmc_acmp.c ****  * XMClib v2.2.0 - XMC Peripheral Driver Library
   8:../Libraries/XMCLib/src/xmc_acmp.c ****  *
   9:../Libraries/XMCLib/src/xmc_acmp.c ****  * Copyright (c) 2015-2020, Infineon Technologies AG
  10:../Libraries/XMCLib/src/xmc_acmp.c ****  * All rights reserved.
  11:../Libraries/XMCLib/src/xmc_acmp.c ****  *
  12:../Libraries/XMCLib/src/xmc_acmp.c ****  * Boost Software License - Version 1.0 - August 17th, 2003
  13:../Libraries/XMCLib/src/xmc_acmp.c ****  *
  14:../Libraries/XMCLib/src/xmc_acmp.c ****  * Permission is hereby granted, free of charge, to any person or organization
  15:../Libraries/XMCLib/src/xmc_acmp.c ****  * obtaining a copy of the software and accompanying documentation covered by
  16:../Libraries/XMCLib/src/xmc_acmp.c ****  * this license (the "Software") to use, reproduce, display, distribute,
  17:../Libraries/XMCLib/src/xmc_acmp.c ****  * execute, and transmit the Software, and to prepare derivative works of the
  18:../Libraries/XMCLib/src/xmc_acmp.c ****  * Software, and to permit third-parties to whom the Software is furnished to
  19:../Libraries/XMCLib/src/xmc_acmp.c ****  * do so, all subject to the following:
  20:../Libraries/XMCLib/src/xmc_acmp.c ****  *
  21:../Libraries/XMCLib/src/xmc_acmp.c ****  * The copyright notices in the Software and this entire statement, including
  22:../Libraries/XMCLib/src/xmc_acmp.c ****  * the above license grant, this restriction and the following disclaimer,
  23:../Libraries/XMCLib/src/xmc_acmp.c ****  * must be included in all copies of the Software, in whole or in part, and
  24:../Libraries/XMCLib/src/xmc_acmp.c ****  * all derivative works of the Software, unless such copies or derivative
  25:../Libraries/XMCLib/src/xmc_acmp.c ****  * works are solely in the form of machine-executable object code generated by
  26:../Libraries/XMCLib/src/xmc_acmp.c ****  * a source language processor.
  27:../Libraries/XMCLib/src/xmc_acmp.c ****  *
  28:../Libraries/XMCLib/src/xmc_acmp.c ****  * THE SOFTWARE IS PROVIDED "AS IS", WITHOUT WARRANTY OF ANY KIND, EXPRESS OR
  29:../Libraries/XMCLib/src/xmc_acmp.c ****  * IMPLIED, INCLUDING BUT NOT LIMITED TO THE WARRANTIES OF MERCHANTABILITY,
  30:../Libraries/XMCLib/src/xmc_acmp.c ****  * FITNESS FOR A PARTICULAR PURPOSE, TITLE AND NON-INFRINGEMENT. IN NO EVENT
  31:../Libraries/XMCLib/src/xmc_acmp.c ****  * SHALL THE COPYRIGHT HOLDERS OR ANYONE DISTRIBUTING THE SOFTWARE BE LIABLE
  32:../Libraries/XMCLib/src/xmc_acmp.c ****  * FOR ANY DAMAGES OR OTHER LIABILITY, WHETHER IN CONTRACT, TORT OR OTHERWISE,
  33:../Libraries/XMCLib/src/xmc_acmp.c ****  * ARISING FROM, OUT OF OR IN CONNECTION WITH THE SOFTWARE OR THE USE OR OTHER
  34:../Libraries/XMCLib/src/xmc_acmp.c ****  * DEALINGS IN THE SOFTWARE.
  35:../Libraries/XMCLib/src/xmc_acmp.c ****  *
  36:../Libraries/XMCLib/src/xmc_acmp.c ****  * To improve the quality of the software, users are encouraged to share
  37:../Libraries/XMCLib/src/xmc_acmp.c ****  * modifications, enhancements or bug fixes with Infineon Technologies AG
  38:../Libraries/XMCLib/src/xmc_acmp.c ****  * at XMCSupport@infineon.com.
  39:../Libraries/XMCLib/src/xmc_acmp.c ****  *****************************************************************************
  40:../Libraries/XMCLib/src/xmc_acmp.c ****  *
  41:../Libraries/XMCLib/src/xmc_acmp.c ****  * Change History
  42:../Libraries/XMCLib/src/xmc_acmp.c ****  * --------------
  43:../Libraries/XMCLib/src/xmc_acmp.c ****  *
  44:../Libraries/XMCLib/src/xmc_acmp.c ****  * 2014-12-10:
  45:../Libraries/XMCLib/src/xmc_acmp.c ****  *     - Initial <br>
  46:../Libraries/XMCLib/src/xmc_acmp.c ****  * 2015-02-20:
  47:../Libraries/XMCLib/src/xmc_acmp.c ****  *     - Removed unused declarations<br>
  48:../Libraries/XMCLib/src/xmc_acmp.c ****  * 2015-05-08:
  49:../Libraries/XMCLib/src/xmc_acmp.c ****  *     - Fixed sequence problem of low power mode in XMC_ACMP_Init() API<br>
  50:../Libraries/XMCLib/src/xmc_acmp.c ****  *     - Fixed wrong register setting in XMC_ACMP_SetInput() API<br>
  51:../Libraries/XMCLib/src/xmc_acmp.c ****  *     - Removed return type variable and by default comparator enable from XMC_ACMP_Init() API. <b
  52:../Libraries/XMCLib/src/xmc_acmp.c ****  *       Additional call to XMC_ACMP_EnableComparator() API needed to start Comparator after Init.<
  53:../Libraries/XMCLib/src/xmc_acmp.c ****  * 2015-06-04:
  54:../Libraries/XMCLib/src/xmc_acmp.c ****  *     - Removed return type variable and by default comparator enable from XMC_ACMP_Init() API. <b
  55:../Libraries/XMCLib/src/xmc_acmp.c ****  *     - Divided XMC_ACMP_SetInput into two 3 APIs to reduce the code size and complexity as stated
  56:../Libraries/XMCLib/src/xmc_acmp.c ****  *       (a)XMC_ACMP_EnableReferenceDivider <br>
  57:../Libraries/XMCLib/src/xmc_acmp.c ****  *       (b)XMC_ACMP_DisableReferenceDivider <br>
  58:../Libraries/XMCLib/src/xmc_acmp.c ****  *       (c)XMC_ACMP_SetInput <br>
  59:../Libraries/XMCLib/src/xmc_acmp.c ****  *     - Optimized enable and disable API's and moved to header file as static inline APIs.
  60:../Libraries/XMCLib/src/xmc_acmp.c ****  *     - XMC_ACMP_t typedef changed to structure which overrides the standard header file structure
  61:../Libraries/XMCLib/src/xmc_acmp.c ****  * 2015-06-20:
  62:../Libraries/XMCLib/src/xmc_acmp.c ****  *     - Removed definition of GetDriverVersion API
  63:../Libraries/XMCLib/src/xmc_acmp.c ****  * 2019-12-16:
  64:../Libraries/XMCLib/src/xmc_acmp.c ****  *     - Fix including files following the convention: angle brackets are used for standard include
  65:../Libraries/XMCLib/src/xmc_acmp.c ****  *
  66:../Libraries/XMCLib/src/xmc_acmp.c ****  * @endcond
  67:../Libraries/XMCLib/src/xmc_acmp.c ****  *
  68:../Libraries/XMCLib/src/xmc_acmp.c ****  */
  69:../Libraries/XMCLib/src/xmc_acmp.c **** 
  70:../Libraries/XMCLib/src/xmc_acmp.c **** 
  71:../Libraries/XMCLib/src/xmc_acmp.c **** /**************************************************************************************************
  72:../Libraries/XMCLib/src/xmc_acmp.c ****  * HEADER FILES
  73:../Libraries/XMCLib/src/xmc_acmp.c ****  **************************************************************************************************
  74:../Libraries/XMCLib/src/xmc_acmp.c **** #include "xmc_acmp.h"
  75:../Libraries/XMCLib/src/xmc_acmp.c **** 
  76:../Libraries/XMCLib/src/xmc_acmp.c **** /* If ACMP is available*/
  77:../Libraries/XMCLib/src/xmc_acmp.c **** #if defined (COMPARATOR)
  78:../Libraries/XMCLib/src/xmc_acmp.c **** 
  79:../Libraries/XMCLib/src/xmc_acmp.c **** /**************************************************************************************************
  80:../Libraries/XMCLib/src/xmc_acmp.c ****  * MACROS
  81:../Libraries/XMCLib/src/xmc_acmp.c ****  **************************************************************************************************
  82:../Libraries/XMCLib/src/xmc_acmp.c **** 
  83:../Libraries/XMCLib/src/xmc_acmp.c **** #define XMC_ACMP_INSTANCE_1    (1U) /* Instance number for Slice-1 */
  84:../Libraries/XMCLib/src/xmc_acmp.c **** 
  85:../Libraries/XMCLib/src/xmc_acmp.c **** /**************************************************************************************************
  86:../Libraries/XMCLib/src/xmc_acmp.c ****  * API IMPLEMENTATION
  87:../Libraries/XMCLib/src/xmc_acmp.c ****  **************************************************************************************************
  88:../Libraries/XMCLib/src/xmc_acmp.c **** 
  89:../Libraries/XMCLib/src/xmc_acmp.c **** /* API to initialize an instance of ACMP module */
  90:../Libraries/XMCLib/src/xmc_acmp.c **** void XMC_ACMP_Init(XMC_ACMP_t *const peripheral, uint32_t instance, const XMC_ACMP_CONFIG_t *const 
  91:../Libraries/XMCLib/src/xmc_acmp.c **** {
  26              	 .loc 1 91 0
  27              	 .cfi_startproc
  28 0000 80B5     	 push {r7,lr}
  29              	.LCFI0:
  30              	 .cfi_def_cfa_offset 8
  31              	 .cfi_offset 7,-8
  32              	 .cfi_offset 14,-4
  33 0002 84B0     	 sub sp,sp,#16
  34              	.LCFI1:
  35              	 .cfi_def_cfa_offset 24
  36 0004 00AF     	 add r7,sp,#0
  37              	.LCFI2:
  38              	 .cfi_def_cfa_register 7
  39 0006 F860     	 str r0,[r7,#12]
  40 0008 B960     	 str r1,[r7,#8]
  41 000a 7A60     	 str r2,[r7,#4]
  92:../Libraries/XMCLib/src/xmc_acmp.c **** 
  93:../Libraries/XMCLib/src/xmc_acmp.c ****   XMC_ASSERT("XMC_ACMP_Init:NULL Configuration", (config != (XMC_ACMP_CONFIG_t *)NULL))
  94:../Libraries/XMCLib/src/xmc_acmp.c ****   XMC_ASSERT("XMC_ACMP_Init:Wrong module pointer", XMC_ACMP_CHECK_MODULE_PTR(peripheral))
  95:../Libraries/XMCLib/src/xmc_acmp.c ****   XMC_ASSERT("XMC_ACMP_Init:Wrong instance number", XMC_ACMP_CHECK_INSTANCE(instance) )
  96:../Libraries/XMCLib/src/xmc_acmp.c **** 
  97:../Libraries/XMCLib/src/xmc_acmp.c ****   /*
  98:../Libraries/XMCLib/src/xmc_acmp.c ****    * Initializes the comparator with configuration supplied. Low power node setting is retained dur
  99:../Libraries/XMCLib/src/xmc_acmp.c ****    * All the instances passed are handled with low power setting, to avoid conditional check for AC
 100:../Libraries/XMCLib/src/xmc_acmp.c ****    * This reduces the code size. No side effects, because this register bit field is empty for othe
 101:../Libraries/XMCLib/src/xmc_acmp.c ****    */
 102:../Libraries/XMCLib/src/xmc_acmp.c ****   peripheral->ANACMP[instance] = ((peripheral->ANACMP[instance] & (uint32_t)COMPARATOR_ANACMP0_CMP_
  42              	 .loc 1 102 0
  43 000c FA68     	 ldr r2,[r7,#12]
  44 000e BB68     	 ldr r3,[r7,#8]
  45 0010 0B49     	 ldr r1,.L2
  46 0012 8C46     	 mov ip,r1
  47 0014 6344     	 add r3,r3,ip
  48 0016 9B00     	 lsl r3,r3,#2
  49 0018 D318     	 add r3,r2,r3
  50 001a 5A68     	 ldr r2,[r3,#4]
  51 001c 8023     	 mov r3,#128
  52 001e 5B00     	 lsl r3,r3,#1
  53 0020 1A40     	 and r2,r3
 103:../Libraries/XMCLib/src/xmc_acmp.c ****                                  (uint32_t)config->anacmp;
  54              	 .loc 1 103 0
  55 0022 7B68     	 ldr r3,[r7,#4]
  56 0024 1B68     	 ldr r3,[r3]
 102:../Libraries/XMCLib/src/xmc_acmp.c ****                                  (uint32_t)config->anacmp;
  57              	 .loc 1 102 0
  58 0026 1A43     	 orr r2,r3
  59 0028 F968     	 ldr r1,[r7,#12]
  60 002a BB68     	 ldr r3,[r7,#8]
  61 002c 0448     	 ldr r0,.L2
  62 002e 8446     	 mov ip,r0
  63 0030 6344     	 add r3,r3,ip
  64 0032 9B00     	 lsl r3,r3,#2
  65 0034 CB18     	 add r3,r1,r3
  66 0036 5A60     	 str r2,[r3,#4]
 104:../Libraries/XMCLib/src/xmc_acmp.c **** }
  67              	 .loc 1 104 0
  68 0038 BD46     	 mov sp,r7
  69 003a 04B0     	 add sp,sp,#16
  70              	 
  71 003c 80BD     	 pop {r7,pc}
  72              	.L3:
  73 003e C046     	 .align 2
  74              	.L2:
  75 0040 D6020000 	 .word 726
  76              	 .cfi_endproc
  77              	.LFE48:
  79              	 .section .text.XMC_ACMP_SetInput,"ax",%progbits
  80              	 .align 2
  81              	 .global XMC_ACMP_SetInput
  82              	 .code 16
  83              	 .thumb_func
  85              	XMC_ACMP_SetInput:
  86              	.LFB49:
 105:../Libraries/XMCLib/src/xmc_acmp.c **** 
 106:../Libraries/XMCLib/src/xmc_acmp.c **** /* API to select INP source */
 107:../Libraries/XMCLib/src/xmc_acmp.c **** void XMC_ACMP_SetInput(XMC_ACMP_t *const peripheral, uint32_t instance, XMC_ACMP_INP_SOURCE_t sourc
 108:../Libraries/XMCLib/src/xmc_acmp.c **** {
  87              	 .loc 1 108 0
  88              	 .cfi_startproc
  89 0000 80B5     	 push {r7,lr}
  90              	.LCFI3:
  91              	 .cfi_def_cfa_offset 8
  92              	 .cfi_offset 7,-8
  93              	 .cfi_offset 14,-4
  94 0002 84B0     	 sub sp,sp,#16
  95              	.LCFI4:
  96              	 .cfi_def_cfa_offset 24
  97 0004 00AF     	 add r7,sp,#0
  98              	.LCFI5:
  99              	 .cfi_def_cfa_register 7
 100 0006 F860     	 str r0,[r7,#12]
 101 0008 B960     	 str r1,[r7,#8]
 102 000a FB1D     	 add r3,r7,#7
 103 000c 1A70     	 strb r2,[r3]
 109:../Libraries/XMCLib/src/xmc_acmp.c ****   XMC_ASSERT("XMC_ACMP_SetInput:Wrong module pointer", XMC_ACMP_CHECK_MODULE_PTR(peripheral))
 110:../Libraries/XMCLib/src/xmc_acmp.c ****   XMC_ASSERT("XMC_ACMP_SetInput:Wrong instance number", ((instance != XMC_ACMP_INSTANCE_1) &&
 111:../Libraries/XMCLib/src/xmc_acmp.c ****              XMC_ACMP_CHECK_INSTANCE(instance)) )
 112:../Libraries/XMCLib/src/xmc_acmp.c ****   XMC_ASSERT("XMC_ACMP_SetInput:Wrong input source", ((source == XMC_ACMP_INP_SOURCE_STANDARD_PORT)
 113:../Libraries/XMCLib/src/xmc_acmp.c ****              (source == XMC_ACMP_INP_SOURCE_ACMP1_INP_PORT)) )
 114:../Libraries/XMCLib/src/xmc_acmp.c **** 
 115:../Libraries/XMCLib/src/xmc_acmp.c ****   /*
 116:../Libraries/XMCLib/src/xmc_acmp.c ****    * Three options of Input Setting are listed below
 117:../Libraries/XMCLib/src/xmc_acmp.c ****    * 1. The comparator inputs aren't connected to other comparator inputs
 118:../Libraries/XMCLib/src/xmc_acmp.c ****    * 2. Can program the comparators to connect ACMP0.INP to ACMP1.INP in XMC1200 AA or XMC1300 AA
 119:../Libraries/XMCLib/src/xmc_acmp.c ****    *    Can program the comparators to connect ACMP0.INN to ACMP1.INP in XMC1200 AB or XMC1300 AB o
 120:../Libraries/XMCLib/src/xmc_acmp.c ****    * 3. Can program the comparators to connect ACMP2.INP to ACMP1.INP
 121:../Libraries/XMCLib/src/xmc_acmp.c ****    * 4. Can program the comparators to connect ACMP3.INP to ACMP1.INP in XMC1400
 122:../Libraries/XMCLib/src/xmc_acmp.c ****    */
 123:../Libraries/XMCLib/src/xmc_acmp.c ****   peripheral->ANACMP[instance] = ((peripheral->ANACMP[instance] & (uint32_t)(~COMPARATOR_ANACMP0_AC
 104              	 .loc 1 123 0
 105 000e FA68     	 ldr r2,[r7,#12]
 106 0010 BB68     	 ldr r3,[r7,#8]
 107 0012 0B49     	 ldr r1,.L5
 108 0014 8C46     	 mov ip,r1
 109 0016 6344     	 add r3,r3,ip
 110 0018 9B00     	 lsl r3,r3,#2
 111 001a D318     	 add r3,r2,r3
 112 001c 5B68     	 ldr r3,[r3,#4]
 113 001e 4022     	 mov r2,#64
 114 0020 9343     	 bic r3,r2
 115 0022 1A1C     	 mov r2,r3
 124:../Libraries/XMCLib/src/xmc_acmp.c ****                                  (uint32_t)source;
 116              	 .loc 1 124 0
 117 0024 FB1D     	 add r3,r7,#7
 118 0026 1B78     	 ldrb r3,[r3]
 123:../Libraries/XMCLib/src/xmc_acmp.c ****                                  (uint32_t)source;
 119              	 .loc 1 123 0
 120 0028 1A43     	 orr r2,r3
 121 002a F968     	 ldr r1,[r7,#12]
 122 002c BB68     	 ldr r3,[r7,#8]
 123 002e 0448     	 ldr r0,.L5
 124 0030 8446     	 mov ip,r0
 125 0032 6344     	 add r3,r3,ip
 126 0034 9B00     	 lsl r3,r3,#2
 127 0036 CB18     	 add r3,r1,r3
 128 0038 5A60     	 str r2,[r3,#4]
 125:../Libraries/XMCLib/src/xmc_acmp.c **** }
 129              	 .loc 1 125 0
 130 003a BD46     	 mov sp,r7
 131 003c 04B0     	 add sp,sp,#16
 132              	 
 133 003e 80BD     	 pop {r7,pc}
 134              	.L6:
 135              	 .align 2
 136              	.L5:
 137 0040 D6020000 	 .word 726
 138              	 .cfi_endproc
 139              	.LFE49:
 141              	 .text
 142              	.Letext0:
 143              	 .file 2 "d:\\downloads\\dave_4-4-2_64bit_2018-02-23\\dave-ide-4.4.2-64bit\\dave-ide-4.4.2-64bit\\eclipse\\arm-gcc-49\\arm-none-eabi\\include\\machine\\_default_types.h"
 144              	 .file 3 "d:\\downloads\\dave_4-4-2_64bit_2018-02-23\\dave-ide-4.4.2-64bit\\dave-ide-4.4.2-64bit\\eclipse\\arm-gcc-49\\arm-none-eabi\\include\\stdint.h"
 145              	 .file 4 "C:/Workspaces/DAVE-4.4.2-64Bit/RoverX/Libraries/XMCLib/inc/xmc_acmp.h"
 146              	 .file 5 "C:/Workspaces/DAVE-4.4.2-64Bit/RoverX/Libraries/CMSIS/Include/cmsis_gcc.h"
DEFINED SYMBOLS
                            *ABS*:00000000 xmc_acmp.c
    {standard input}:18     .text.XMC_ACMP_Init:00000000 $t
    {standard input}:23     .text.XMC_ACMP_Init:00000000 XMC_ACMP_Init
    {standard input}:75     .text.XMC_ACMP_Init:00000040 $d
    {standard input}:80     .text.XMC_ACMP_SetInput:00000000 $t
    {standard input}:85     .text.XMC_ACMP_SetInput:00000000 XMC_ACMP_SetInput
    {standard input}:137    .text.XMC_ACMP_SetInput:00000040 $d
                     .debug_frame:00000010 $d

NO UNDEFINED SYMBOLS
