   1              	 .cpu cortex-m0
   2              	 .fpu softvfp
   3              	 .eabi_attribute 20,1
   4              	 .eabi_attribute 21,1
   5              	 .eabi_attribute 23,3
   6              	 .eabi_attribute 24,1
   7              	 .eabi_attribute 25,1
   8              	 .eabi_attribute 26,1
   9              	 .eabi_attribute 30,6
  10              	 .eabi_attribute 34,0
  11              	 .eabi_attribute 18,4
  12              	 .code 16
  13              	 .file "xmc_prng.c"
  14              	 .text
  15              	.Ltext0:
  16              	 .cfi_sections .debug_frame
  17              	 .section .text.XMC_PRNG_SetRandomDataBlockSize,"ax",%progbits
  18              	 .align 2
  19              	 .code 16
  20              	 .thumb_func
  22              	XMC_PRNG_SetRandomDataBlockSize:
  23              	.LFB42:
  24              	 .file 1 "C:/Workspaces/DAVE-4.4.2-64Bit/RoverX/Libraries/XMCLib/inc/xmc_prng.h"
   1:C:/Workspaces/DAVE-4.4.2-64Bit/RoverX/Libraries/XMCLib/inc\xmc_prng.h **** 
   2:C:/Workspaces/DAVE-4.4.2-64Bit/RoverX/Libraries/XMCLib/inc\xmc_prng.h **** /**
   3:C:/Workspaces/DAVE-4.4.2-64Bit/RoverX/Libraries/XMCLib/inc\xmc_prng.h ****  * @file xmc_prng.h
   4:C:/Workspaces/DAVE-4.4.2-64Bit/RoverX/Libraries/XMCLib/inc\xmc_prng.h ****  * @date 2015-06-20
   5:C:/Workspaces/DAVE-4.4.2-64Bit/RoverX/Libraries/XMCLib/inc\xmc_prng.h ****  *
   6:C:/Workspaces/DAVE-4.4.2-64Bit/RoverX/Libraries/XMCLib/inc\xmc_prng.h ****  * @cond
   7:C:/Workspaces/DAVE-4.4.2-64Bit/RoverX/Libraries/XMCLib/inc\xmc_prng.h ****  *****************************************************************************
   8:C:/Workspaces/DAVE-4.4.2-64Bit/RoverX/Libraries/XMCLib/inc\xmc_prng.h ****  * XMClib v2.2.0 - XMC Peripheral Driver Library
   9:C:/Workspaces/DAVE-4.4.2-64Bit/RoverX/Libraries/XMCLib/inc\xmc_prng.h ****  *
  10:C:/Workspaces/DAVE-4.4.2-64Bit/RoverX/Libraries/XMCLib/inc\xmc_prng.h ****  * Copyright (c) 2015-2020, Infineon Technologies AG
  11:C:/Workspaces/DAVE-4.4.2-64Bit/RoverX/Libraries/XMCLib/inc\xmc_prng.h ****  * All rights reserved.
  12:C:/Workspaces/DAVE-4.4.2-64Bit/RoverX/Libraries/XMCLib/inc\xmc_prng.h ****  *
  13:C:/Workspaces/DAVE-4.4.2-64Bit/RoverX/Libraries/XMCLib/inc\xmc_prng.h ****  * Boost Software License - Version 1.0 - August 17th, 2003
  14:C:/Workspaces/DAVE-4.4.2-64Bit/RoverX/Libraries/XMCLib/inc\xmc_prng.h ****  *
  15:C:/Workspaces/DAVE-4.4.2-64Bit/RoverX/Libraries/XMCLib/inc\xmc_prng.h ****  * Permission is hereby granted, free of charge, to any person or organization
  16:C:/Workspaces/DAVE-4.4.2-64Bit/RoverX/Libraries/XMCLib/inc\xmc_prng.h ****  * obtaining a copy of the software and accompanying documentation covered by
  17:C:/Workspaces/DAVE-4.4.2-64Bit/RoverX/Libraries/XMCLib/inc\xmc_prng.h ****  * this license (the "Software") to use, reproduce, display, distribute,
  18:C:/Workspaces/DAVE-4.4.2-64Bit/RoverX/Libraries/XMCLib/inc\xmc_prng.h ****  * execute, and transmit the Software, and to prepare derivative works of the
  19:C:/Workspaces/DAVE-4.4.2-64Bit/RoverX/Libraries/XMCLib/inc\xmc_prng.h ****  * Software, and to permit third-parties to whom the Software is furnished to
  20:C:/Workspaces/DAVE-4.4.2-64Bit/RoverX/Libraries/XMCLib/inc\xmc_prng.h ****  * do so, all subject to the following:
  21:C:/Workspaces/DAVE-4.4.2-64Bit/RoverX/Libraries/XMCLib/inc\xmc_prng.h ****  *
  22:C:/Workspaces/DAVE-4.4.2-64Bit/RoverX/Libraries/XMCLib/inc\xmc_prng.h ****  * The copyright notices in the Software and this entire statement, including
  23:C:/Workspaces/DAVE-4.4.2-64Bit/RoverX/Libraries/XMCLib/inc\xmc_prng.h ****  * the above license grant, this restriction and the following disclaimer,
  24:C:/Workspaces/DAVE-4.4.2-64Bit/RoverX/Libraries/XMCLib/inc\xmc_prng.h ****  * must be included in all copies of the Software, in whole or in part, and
  25:C:/Workspaces/DAVE-4.4.2-64Bit/RoverX/Libraries/XMCLib/inc\xmc_prng.h ****  * all derivative works of the Software, unless such copies or derivative
  26:C:/Workspaces/DAVE-4.4.2-64Bit/RoverX/Libraries/XMCLib/inc\xmc_prng.h ****  * works are solely in the form of machine-executable object code generated by
  27:C:/Workspaces/DAVE-4.4.2-64Bit/RoverX/Libraries/XMCLib/inc\xmc_prng.h ****  * a source language processor.
  28:C:/Workspaces/DAVE-4.4.2-64Bit/RoverX/Libraries/XMCLib/inc\xmc_prng.h ****  *
  29:C:/Workspaces/DAVE-4.4.2-64Bit/RoverX/Libraries/XMCLib/inc\xmc_prng.h ****  * THE SOFTWARE IS PROVIDED "AS IS", WITHOUT WARRANTY OF ANY KIND, EXPRESS OR
  30:C:/Workspaces/DAVE-4.4.2-64Bit/RoverX/Libraries/XMCLib/inc\xmc_prng.h ****  * IMPLIED, INCLUDING BUT NOT LIMITED TO THE WARRANTIES OF MERCHANTABILITY,
  31:C:/Workspaces/DAVE-4.4.2-64Bit/RoverX/Libraries/XMCLib/inc\xmc_prng.h ****  * FITNESS FOR A PARTICULAR PURPOSE, TITLE AND NON-INFRINGEMENT. IN NO EVENT
  32:C:/Workspaces/DAVE-4.4.2-64Bit/RoverX/Libraries/XMCLib/inc\xmc_prng.h ****  * SHALL THE COPYRIGHT HOLDERS OR ANYONE DISTRIBUTING THE SOFTWARE BE LIABLE
  33:C:/Workspaces/DAVE-4.4.2-64Bit/RoverX/Libraries/XMCLib/inc\xmc_prng.h ****  * FOR ANY DAMAGES OR OTHER LIABILITY, WHETHER IN CONTRACT, TORT OR OTHERWISE,
  34:C:/Workspaces/DAVE-4.4.2-64Bit/RoverX/Libraries/XMCLib/inc\xmc_prng.h ****  * ARISING FROM, OUT OF OR IN CONNECTION WITH THE SOFTWARE OR THE USE OR OTHER
  35:C:/Workspaces/DAVE-4.4.2-64Bit/RoverX/Libraries/XMCLib/inc\xmc_prng.h ****  * DEALINGS IN THE SOFTWARE.
  36:C:/Workspaces/DAVE-4.4.2-64Bit/RoverX/Libraries/XMCLib/inc\xmc_prng.h ****  *
  37:C:/Workspaces/DAVE-4.4.2-64Bit/RoverX/Libraries/XMCLib/inc\xmc_prng.h ****  * To improve the quality of the software, users are encouraged to share
  38:C:/Workspaces/DAVE-4.4.2-64Bit/RoverX/Libraries/XMCLib/inc\xmc_prng.h ****  * modifications, enhancements or bug fixes with Infineon Technologies AG
  39:C:/Workspaces/DAVE-4.4.2-64Bit/RoverX/Libraries/XMCLib/inc\xmc_prng.h ****  * at XMCSupport@infineon.com.
  40:C:/Workspaces/DAVE-4.4.2-64Bit/RoverX/Libraries/XMCLib/inc\xmc_prng.h ****  *****************************************************************************
  41:C:/Workspaces/DAVE-4.4.2-64Bit/RoverX/Libraries/XMCLib/inc\xmc_prng.h ****  *
  42:C:/Workspaces/DAVE-4.4.2-64Bit/RoverX/Libraries/XMCLib/inc\xmc_prng.h ****  * Change History
  43:C:/Workspaces/DAVE-4.4.2-64Bit/RoverX/Libraries/XMCLib/inc\xmc_prng.h ****  * --------------
  44:C:/Workspaces/DAVE-4.4.2-64Bit/RoverX/Libraries/XMCLib/inc\xmc_prng.h ****  *
  45:C:/Workspaces/DAVE-4.4.2-64Bit/RoverX/Libraries/XMCLib/inc\xmc_prng.h ****  * 2015-02-20:
  46:C:/Workspaces/DAVE-4.4.2-64Bit/RoverX/Libraries/XMCLib/inc\xmc_prng.h ****  *     - Initial <br>
  47:C:/Workspaces/DAVE-4.4.2-64Bit/RoverX/Libraries/XMCLib/inc\xmc_prng.h ****  *     - Documentation updates <br>
  48:C:/Workspaces/DAVE-4.4.2-64Bit/RoverX/Libraries/XMCLib/inc\xmc_prng.h ****  *
  49:C:/Workspaces/DAVE-4.4.2-64Bit/RoverX/Libraries/XMCLib/inc\xmc_prng.h ****  * 2015-06-20:
  50:C:/Workspaces/DAVE-4.4.2-64Bit/RoverX/Libraries/XMCLib/inc\xmc_prng.h ****  *     - Removed version macros and declaration of GetDriverVersion API <br>
  51:C:/Workspaces/DAVE-4.4.2-64Bit/RoverX/Libraries/XMCLib/inc\xmc_prng.h ****  *
  52:C:/Workspaces/DAVE-4.4.2-64Bit/RoverX/Libraries/XMCLib/inc\xmc_prng.h ****  * @endcond
  53:C:/Workspaces/DAVE-4.4.2-64Bit/RoverX/Libraries/XMCLib/inc\xmc_prng.h ****  */
  54:C:/Workspaces/DAVE-4.4.2-64Bit/RoverX/Libraries/XMCLib/inc\xmc_prng.h **** 
  55:C:/Workspaces/DAVE-4.4.2-64Bit/RoverX/Libraries/XMCLib/inc\xmc_prng.h **** #ifndef XMC_PRNG_H
  56:C:/Workspaces/DAVE-4.4.2-64Bit/RoverX/Libraries/XMCLib/inc\xmc_prng.h **** #define XMC_PRNG_H
  57:C:/Workspaces/DAVE-4.4.2-64Bit/RoverX/Libraries/XMCLib/inc\xmc_prng.h **** 
  58:C:/Workspaces/DAVE-4.4.2-64Bit/RoverX/Libraries/XMCLib/inc\xmc_prng.h **** /**************************************************************************************************
  59:C:/Workspaces/DAVE-4.4.2-64Bit/RoverX/Libraries/XMCLib/inc\xmc_prng.h ****  * HEADER FILES
  60:C:/Workspaces/DAVE-4.4.2-64Bit/RoverX/Libraries/XMCLib/inc\xmc_prng.h ****  **************************************************************************************************
  61:C:/Workspaces/DAVE-4.4.2-64Bit/RoverX/Libraries/XMCLib/inc\xmc_prng.h **** 
  62:C:/Workspaces/DAVE-4.4.2-64Bit/RoverX/Libraries/XMCLib/inc\xmc_prng.h **** #include "xmc_common.h"
  63:C:/Workspaces/DAVE-4.4.2-64Bit/RoverX/Libraries/XMCLib/inc\xmc_prng.h **** 
  64:C:/Workspaces/DAVE-4.4.2-64Bit/RoverX/Libraries/XMCLib/inc\xmc_prng.h **** #if defined (PRNG)
  65:C:/Workspaces/DAVE-4.4.2-64Bit/RoverX/Libraries/XMCLib/inc\xmc_prng.h **** 
  66:C:/Workspaces/DAVE-4.4.2-64Bit/RoverX/Libraries/XMCLib/inc\xmc_prng.h **** /**
  67:C:/Workspaces/DAVE-4.4.2-64Bit/RoverX/Libraries/XMCLib/inc\xmc_prng.h ****  * @addtogroup XMClib XMC Peripheral Library
  68:C:/Workspaces/DAVE-4.4.2-64Bit/RoverX/Libraries/XMCLib/inc\xmc_prng.h ****  * @{
  69:C:/Workspaces/DAVE-4.4.2-64Bit/RoverX/Libraries/XMCLib/inc\xmc_prng.h ****  */
  70:C:/Workspaces/DAVE-4.4.2-64Bit/RoverX/Libraries/XMCLib/inc\xmc_prng.h **** 
  71:C:/Workspaces/DAVE-4.4.2-64Bit/RoverX/Libraries/XMCLib/inc\xmc_prng.h **** /**
  72:C:/Workspaces/DAVE-4.4.2-64Bit/RoverX/Libraries/XMCLib/inc\xmc_prng.h ****  * @addtogroup PRNG
  73:C:/Workspaces/DAVE-4.4.2-64Bit/RoverX/Libraries/XMCLib/inc\xmc_prng.h ****  * @brief Pseudo Random Number Generator (PRNG) driver for XMC1000 microcontroller family
  74:C:/Workspaces/DAVE-4.4.2-64Bit/RoverX/Libraries/XMCLib/inc\xmc_prng.h ****  *
  75:C:/Workspaces/DAVE-4.4.2-64Bit/RoverX/Libraries/XMCLib/inc\xmc_prng.h ****  * The pseudo random bit generator (PRNG) provides random data with fast generation times.
  76:C:/Workspaces/DAVE-4.4.2-64Bit/RoverX/Libraries/XMCLib/inc\xmc_prng.h ****  * PRNG has to be initialized by the user software before use. The initialization consists
  77:C:/Workspaces/DAVE-4.4.2-64Bit/RoverX/Libraries/XMCLib/inc\xmc_prng.h ****  * of two basic phases: key-loading and warm-up.
  78:C:/Workspaces/DAVE-4.4.2-64Bit/RoverX/Libraries/XMCLib/inc\xmc_prng.h ****  *
  79:C:/Workspaces/DAVE-4.4.2-64Bit/RoverX/Libraries/XMCLib/inc\xmc_prng.h ****  * The PRNG low level driver provides functions to configure and initialize the PRNG hardware
  80:C:/Workspaces/DAVE-4.4.2-64Bit/RoverX/Libraries/XMCLib/inc\xmc_prng.h ****  * peripheral.
  81:C:/Workspaces/DAVE-4.4.2-64Bit/RoverX/Libraries/XMCLib/inc\xmc_prng.h ****  * @{
  82:C:/Workspaces/DAVE-4.4.2-64Bit/RoverX/Libraries/XMCLib/inc\xmc_prng.h ****  */
  83:C:/Workspaces/DAVE-4.4.2-64Bit/RoverX/Libraries/XMCLib/inc\xmc_prng.h **** 
  84:C:/Workspaces/DAVE-4.4.2-64Bit/RoverX/Libraries/XMCLib/inc\xmc_prng.h **** /**************************************************************************************************
  85:C:/Workspaces/DAVE-4.4.2-64Bit/RoverX/Libraries/XMCLib/inc\xmc_prng.h ****  * MACROS
  86:C:/Workspaces/DAVE-4.4.2-64Bit/RoverX/Libraries/XMCLib/inc\xmc_prng.h ****  **************************************************************************************************
  87:C:/Workspaces/DAVE-4.4.2-64Bit/RoverX/Libraries/XMCLib/inc\xmc_prng.h **** 
  88:C:/Workspaces/DAVE-4.4.2-64Bit/RoverX/Libraries/XMCLib/inc\xmc_prng.h **** /**
  89:C:/Workspaces/DAVE-4.4.2-64Bit/RoverX/Libraries/XMCLib/inc\xmc_prng.h ****  * Byte mask value for random data block size
  90:C:/Workspaces/DAVE-4.4.2-64Bit/RoverX/Libraries/XMCLib/inc\xmc_prng.h ****  */
  91:C:/Workspaces/DAVE-4.4.2-64Bit/RoverX/Libraries/XMCLib/inc\xmc_prng.h **** #define XMC_PRNG_RDBS_BYTE_READ_MASK (0x00FFU)
  92:C:/Workspaces/DAVE-4.4.2-64Bit/RoverX/Libraries/XMCLib/inc\xmc_prng.h **** 
  93:C:/Workspaces/DAVE-4.4.2-64Bit/RoverX/Libraries/XMCLib/inc\xmc_prng.h **** /**************************************************************************************************
  94:C:/Workspaces/DAVE-4.4.2-64Bit/RoverX/Libraries/XMCLib/inc\xmc_prng.h ****  * ENUMS
  95:C:/Workspaces/DAVE-4.4.2-64Bit/RoverX/Libraries/XMCLib/inc\xmc_prng.h ****  **************************************************************************************************
  96:C:/Workspaces/DAVE-4.4.2-64Bit/RoverX/Libraries/XMCLib/inc\xmc_prng.h **** 
  97:C:/Workspaces/DAVE-4.4.2-64Bit/RoverX/Libraries/XMCLib/inc\xmc_prng.h **** /**
  98:C:/Workspaces/DAVE-4.4.2-64Bit/RoverX/Libraries/XMCLib/inc\xmc_prng.h ****  * PRNG key load operation modes
  99:C:/Workspaces/DAVE-4.4.2-64Bit/RoverX/Libraries/XMCLib/inc\xmc_prng.h ****  */
 100:C:/Workspaces/DAVE-4.4.2-64Bit/RoverX/Libraries/XMCLib/inc\xmc_prng.h **** typedef enum XMC_PRNG_KEY_LOAD_OP_MODE
 101:C:/Workspaces/DAVE-4.4.2-64Bit/RoverX/Libraries/XMCLib/inc\xmc_prng.h **** {
 102:C:/Workspaces/DAVE-4.4.2-64Bit/RoverX/Libraries/XMCLib/inc\xmc_prng.h ****   XMC_PRNG_STRM_MODE = 0U, /**< Streaming mode (default) */
 103:C:/Workspaces/DAVE-4.4.2-64Bit/RoverX/Libraries/XMCLib/inc\xmc_prng.h ****   XMC_PRNG_KLD_MODE  = 1U  /**< Loading mode */
 104:C:/Workspaces/DAVE-4.4.2-64Bit/RoverX/Libraries/XMCLib/inc\xmc_prng.h **** } XMC_PRNG_KEY_LOAD_OP_MODE_t;
 105:C:/Workspaces/DAVE-4.4.2-64Bit/RoverX/Libraries/XMCLib/inc\xmc_prng.h **** 
 106:C:/Workspaces/DAVE-4.4.2-64Bit/RoverX/Libraries/XMCLib/inc\xmc_prng.h **** /**
 107:C:/Workspaces/DAVE-4.4.2-64Bit/RoverX/Libraries/XMCLib/inc\xmc_prng.h ****  * PRNG data block size
 108:C:/Workspaces/DAVE-4.4.2-64Bit/RoverX/Libraries/XMCLib/inc\xmc_prng.h ****  */
 109:C:/Workspaces/DAVE-4.4.2-64Bit/RoverX/Libraries/XMCLib/inc\xmc_prng.h **** typedef enum XMC_PRNG_DATA_BLOCK_SIZE
 110:C:/Workspaces/DAVE-4.4.2-64Bit/RoverX/Libraries/XMCLib/inc\xmc_prng.h **** {
 111:C:/Workspaces/DAVE-4.4.2-64Bit/RoverX/Libraries/XMCLib/inc\xmc_prng.h ****   XMC_PRNG_RDBS_RESET = 0U, /**< Reset state (no random data block size defined) */
 112:C:/Workspaces/DAVE-4.4.2-64Bit/RoverX/Libraries/XMCLib/inc\xmc_prng.h ****   XMC_PRNG_RDBS_BYTE  = 1U, /**< BYTE (8-bit) */
 113:C:/Workspaces/DAVE-4.4.2-64Bit/RoverX/Libraries/XMCLib/inc\xmc_prng.h ****   XMC_PRNG_RDBS_WORD  = 2U  /**< WORD (16-bit) */
 114:C:/Workspaces/DAVE-4.4.2-64Bit/RoverX/Libraries/XMCLib/inc\xmc_prng.h **** } XMC_PRNG_DATA_BLOCK_SIZE_t;
 115:C:/Workspaces/DAVE-4.4.2-64Bit/RoverX/Libraries/XMCLib/inc\xmc_prng.h **** 
 116:C:/Workspaces/DAVE-4.4.2-64Bit/RoverX/Libraries/XMCLib/inc\xmc_prng.h **** /**
 117:C:/Workspaces/DAVE-4.4.2-64Bit/RoverX/Libraries/XMCLib/inc\xmc_prng.h ****  * PRNG driver initialization status
 118:C:/Workspaces/DAVE-4.4.2-64Bit/RoverX/Libraries/XMCLib/inc\xmc_prng.h ****  */
 119:C:/Workspaces/DAVE-4.4.2-64Bit/RoverX/Libraries/XMCLib/inc\xmc_prng.h **** typedef enum XMC_PRNG_INIT_STATUS
 120:C:/Workspaces/DAVE-4.4.2-64Bit/RoverX/Libraries/XMCLib/inc\xmc_prng.h **** {
 121:C:/Workspaces/DAVE-4.4.2-64Bit/RoverX/Libraries/XMCLib/inc\xmc_prng.h ****   XMC_PRNG_NOT_INITIALIZED = 0U, /**< Reset state or Non-initialized state (Same as XMC_PRNG_RDBS_R
 122:C:/Workspaces/DAVE-4.4.2-64Bit/RoverX/Libraries/XMCLib/inc\xmc_prng.h ****   XMC_PRNG_INITIALIZED     = 1U  /**< Initialized state */
 123:C:/Workspaces/DAVE-4.4.2-64Bit/RoverX/Libraries/XMCLib/inc\xmc_prng.h **** } XMC_PRNG_INIT_STATUS_t;
 124:C:/Workspaces/DAVE-4.4.2-64Bit/RoverX/Libraries/XMCLib/inc\xmc_prng.h **** 
 125:C:/Workspaces/DAVE-4.4.2-64Bit/RoverX/Libraries/XMCLib/inc\xmc_prng.h **** /**************************************************************************************************
 126:C:/Workspaces/DAVE-4.4.2-64Bit/RoverX/Libraries/XMCLib/inc\xmc_prng.h ****  * DATA STRUCTURES
 127:C:/Workspaces/DAVE-4.4.2-64Bit/RoverX/Libraries/XMCLib/inc\xmc_prng.h ****  **************************************************************************************************
 128:C:/Workspaces/DAVE-4.4.2-64Bit/RoverX/Libraries/XMCLib/inc\xmc_prng.h **** 
 129:C:/Workspaces/DAVE-4.4.2-64Bit/RoverX/Libraries/XMCLib/inc\xmc_prng.h **** /**
 130:C:/Workspaces/DAVE-4.4.2-64Bit/RoverX/Libraries/XMCLib/inc\xmc_prng.h ****  * Key words and data block size configuration values of PRNG <br>
 131:C:/Workspaces/DAVE-4.4.2-64Bit/RoverX/Libraries/XMCLib/inc\xmc_prng.h ****  *
 132:C:/Workspaces/DAVE-4.4.2-64Bit/RoverX/Libraries/XMCLib/inc\xmc_prng.h ****  * The structure presents a convenient way to set/obtain the key word and data block configuration
 133:C:/Workspaces/DAVE-4.4.2-64Bit/RoverX/Libraries/XMCLib/inc\xmc_prng.h ****  * values of PRNG.
 134:C:/Workspaces/DAVE-4.4.2-64Bit/RoverX/Libraries/XMCLib/inc\xmc_prng.h ****  * The XMC_PRNG_Init() can be used to populate the structure with the key word and data block
 135:C:/Workspaces/DAVE-4.4.2-64Bit/RoverX/Libraries/XMCLib/inc\xmc_prng.h ****  * configuration values of the PRNG module.
 136:C:/Workspaces/DAVE-4.4.2-64Bit/RoverX/Libraries/XMCLib/inc\xmc_prng.h ****  */
 137:C:/Workspaces/DAVE-4.4.2-64Bit/RoverX/Libraries/XMCLib/inc\xmc_prng.h **** typedef struct XMC_PRNG_INIT
 138:C:/Workspaces/DAVE-4.4.2-64Bit/RoverX/Libraries/XMCLib/inc\xmc_prng.h **** {
 139:C:/Workspaces/DAVE-4.4.2-64Bit/RoverX/Libraries/XMCLib/inc\xmc_prng.h ****   uint16_t key_words[5];                 /**< Keywords */
 140:C:/Workspaces/DAVE-4.4.2-64Bit/RoverX/Libraries/XMCLib/inc\xmc_prng.h ****   XMC_PRNG_DATA_BLOCK_SIZE_t block_size; /**< Block size */
 141:C:/Workspaces/DAVE-4.4.2-64Bit/RoverX/Libraries/XMCLib/inc\xmc_prng.h **** } XMC_PRNG_INIT_t;
 142:C:/Workspaces/DAVE-4.4.2-64Bit/RoverX/Libraries/XMCLib/inc\xmc_prng.h **** 
 143:C:/Workspaces/DAVE-4.4.2-64Bit/RoverX/Libraries/XMCLib/inc\xmc_prng.h **** /**************************************************************************************************
 144:C:/Workspaces/DAVE-4.4.2-64Bit/RoverX/Libraries/XMCLib/inc\xmc_prng.h ****  * API PROTOTYPES
 145:C:/Workspaces/DAVE-4.4.2-64Bit/RoverX/Libraries/XMCLib/inc\xmc_prng.h ****  **************************************************************************************************
 146:C:/Workspaces/DAVE-4.4.2-64Bit/RoverX/Libraries/XMCLib/inc\xmc_prng.h **** 
 147:C:/Workspaces/DAVE-4.4.2-64Bit/RoverX/Libraries/XMCLib/inc\xmc_prng.h **** #ifdef __cplusplus
 148:C:/Workspaces/DAVE-4.4.2-64Bit/RoverX/Libraries/XMCLib/inc\xmc_prng.h **** extern "C" {
 149:C:/Workspaces/DAVE-4.4.2-64Bit/RoverX/Libraries/XMCLib/inc\xmc_prng.h **** #endif
 150:C:/Workspaces/DAVE-4.4.2-64Bit/RoverX/Libraries/XMCLib/inc\xmc_prng.h **** 
 151:C:/Workspaces/DAVE-4.4.2-64Bit/RoverX/Libraries/XMCLib/inc\xmc_prng.h **** /**
 152:C:/Workspaces/DAVE-4.4.2-64Bit/RoverX/Libraries/XMCLib/inc\xmc_prng.h ****  * @param prng Pointer to a constant instance of ::XMC_PRNG_INIT_t, pointing to
 153:C:/Workspaces/DAVE-4.4.2-64Bit/RoverX/Libraries/XMCLib/inc\xmc_prng.h ****  *             the initialization configuration.
 154:C:/Workspaces/DAVE-4.4.2-64Bit/RoverX/Libraries/XMCLib/inc\xmc_prng.h ****  * @return XMC_PRNG_INIT_STATUS_t XMC_PRNG_INITIALIZED if initialized,
 155:C:/Workspaces/DAVE-4.4.2-64Bit/RoverX/Libraries/XMCLib/inc\xmc_prng.h ****  *                                XMC_PRNG_NOT_INITIALIZED otherwise.
 156:C:/Workspaces/DAVE-4.4.2-64Bit/RoverX/Libraries/XMCLib/inc\xmc_prng.h ****  *
 157:C:/Workspaces/DAVE-4.4.2-64Bit/RoverX/Libraries/XMCLib/inc\xmc_prng.h ****  * \par<b>Description: </b><br>
 158:C:/Workspaces/DAVE-4.4.2-64Bit/RoverX/Libraries/XMCLib/inc\xmc_prng.h ****  * Initialize the PRNG peripheral with the configured key words and block size <br>
 159:C:/Workspaces/DAVE-4.4.2-64Bit/RoverX/Libraries/XMCLib/inc\xmc_prng.h ****  *
 160:C:/Workspaces/DAVE-4.4.2-64Bit/RoverX/Libraries/XMCLib/inc\xmc_prng.h ****  * \par
 161:C:/Workspaces/DAVE-4.4.2-64Bit/RoverX/Libraries/XMCLib/inc\xmc_prng.h ****  * The function configures block size for key loading mode, enables key loading mode,
 162:C:/Workspaces/DAVE-4.4.2-64Bit/RoverX/Libraries/XMCLib/inc\xmc_prng.h ****  * loads key words (80 bits) and wait till RDV is set, enables the streaming mode and
 163:C:/Workspaces/DAVE-4.4.2-64Bit/RoverX/Libraries/XMCLib/inc\xmc_prng.h ****  * waits for warmup phase. This function programmes the CTRL and WORD registers.
 164:C:/Workspaces/DAVE-4.4.2-64Bit/RoverX/Libraries/XMCLib/inc\xmc_prng.h ****  */
 165:C:/Workspaces/DAVE-4.4.2-64Bit/RoverX/Libraries/XMCLib/inc\xmc_prng.h **** XMC_PRNG_INIT_STATUS_t XMC_PRNG_Init(const XMC_PRNG_INIT_t *prng);
 166:C:/Workspaces/DAVE-4.4.2-64Bit/RoverX/Libraries/XMCLib/inc\xmc_prng.h **** 
 167:C:/Workspaces/DAVE-4.4.2-64Bit/RoverX/Libraries/XMCLib/inc\xmc_prng.h **** 
 168:C:/Workspaces/DAVE-4.4.2-64Bit/RoverX/Libraries/XMCLib/inc\xmc_prng.h **** 
 169:C:/Workspaces/DAVE-4.4.2-64Bit/RoverX/Libraries/XMCLib/inc\xmc_prng.h **** /**
 170:C:/Workspaces/DAVE-4.4.2-64Bit/RoverX/Libraries/XMCLib/inc\xmc_prng.h ****  * @param block_size Block size of type ::XMC_PRNG_DATA_BLOCK_SIZE_t for read access
 171:C:/Workspaces/DAVE-4.4.2-64Bit/RoverX/Libraries/XMCLib/inc\xmc_prng.h ****  * @return None
 172:C:/Workspaces/DAVE-4.4.2-64Bit/RoverX/Libraries/XMCLib/inc\xmc_prng.h ****  *
 173:C:/Workspaces/DAVE-4.4.2-64Bit/RoverX/Libraries/XMCLib/inc\xmc_prng.h ****  * \par<b>Description: </b><br>
 174:C:/Workspaces/DAVE-4.4.2-64Bit/RoverX/Libraries/XMCLib/inc\xmc_prng.h ****  * Programming Random Block Size <br>
 175:C:/Workspaces/DAVE-4.4.2-64Bit/RoverX/Libraries/XMCLib/inc\xmc_prng.h ****  *
 176:C:/Workspaces/DAVE-4.4.2-64Bit/RoverX/Libraries/XMCLib/inc\xmc_prng.h ****  * \par
 177:C:/Workspaces/DAVE-4.4.2-64Bit/RoverX/Libraries/XMCLib/inc\xmc_prng.h ****  * The function sets the random data block size as byte or word by programming CTRL.RDBS bitfield.
 178:C:/Workspaces/DAVE-4.4.2-64Bit/RoverX/Libraries/XMCLib/inc\xmc_prng.h ****  * block_size = 0 for Reset state, block_size = 1 for 'byte' and block_size = 2 for 'word'.
 179:C:/Workspaces/DAVE-4.4.2-64Bit/RoverX/Libraries/XMCLib/inc\xmc_prng.h ****  */
 180:C:/Workspaces/DAVE-4.4.2-64Bit/RoverX/Libraries/XMCLib/inc\xmc_prng.h **** __STATIC_INLINE void XMC_PRNG_SetRandomDataBlockSize(XMC_PRNG_DATA_BLOCK_SIZE_t block_size)
 181:C:/Workspaces/DAVE-4.4.2-64Bit/RoverX/Libraries/XMCLib/inc\xmc_prng.h **** {
  25              	 .loc 1 181 0
  26              	 .cfi_startproc
  27 0000 80B5     	 push {r7,lr}
  28              	.LCFI0:
  29              	 .cfi_def_cfa_offset 8
  30              	 .cfi_offset 7,-8
  31              	 .cfi_offset 14,-4
  32 0002 82B0     	 sub sp,sp,#8
  33              	.LCFI1:
  34              	 .cfi_def_cfa_offset 16
  35 0004 00AF     	 add r7,sp,#0
  36              	.LCFI2:
  37              	 .cfi_def_cfa_register 7
  38 0006 021C     	 mov r2,r0
  39 0008 FB1D     	 add r3,r7,#7
  40 000a 1A70     	 strb r2,[r3]
 182:C:/Workspaces/DAVE-4.4.2-64Bit/RoverX/Libraries/XMCLib/inc\xmc_prng.h ****   PRNG->CTRL = (uint16_t)((PRNG->CTRL & (uint32_t)~PRNG_CTRL_RDBS_Msk) |
  41              	 .loc 1 182 0
  42 000c 0849     	 ldr r1,.L2
  43 000e 084B     	 ldr r3,.L2
  44 0010 9B89     	 ldrh r3,[r3,#12]
  45 0012 9BB2     	 uxth r3,r3
  46 0014 0622     	 mov r2,#6
  47 0016 9343     	 bic r3,r2
  48 0018 9AB2     	 uxth r2,r3
  49 001a FB1D     	 add r3,r7,#7
  50 001c 1B78     	 ldrb r3,[r3]
  51 001e 9BB2     	 uxth r3,r3
  52 0020 DB18     	 add r3,r3,r3
  53 0022 9BB2     	 uxth r3,r3
  54 0024 1343     	 orr r3,r2
  55 0026 9BB2     	 uxth r3,r3
  56 0028 8B81     	 strh r3,[r1,#12]
 183:C:/Workspaces/DAVE-4.4.2-64Bit/RoverX/Libraries/XMCLib/inc\xmc_prng.h ****                           ((uint32_t)block_size << (uint32_t)PRNG_CTRL_RDBS_Pos));
 184:C:/Workspaces/DAVE-4.4.2-64Bit/RoverX/Libraries/XMCLib/inc\xmc_prng.h **** }
  57              	 .loc 1 184 0
  58 002a BD46     	 mov sp,r7
  59 002c 02B0     	 add sp,sp,#8
  60              	 
  61 002e 80BD     	 pop {r7,pc}
  62              	.L3:
  63              	 .align 2
  64              	.L2:
  65 0030 00000248 	 .word 1208090624
  66              	 .cfi_endproc
  67              	.LFE42:
  69              	 .section .text.XMC_PRNG_CheckValidStatus,"ax",%progbits
  70              	 .align 2
  71              	 .code 16
  72              	 .thumb_func
  74              	XMC_PRNG_CheckValidStatus:
  75              	.LFB43:
 185:C:/Workspaces/DAVE-4.4.2-64Bit/RoverX/Libraries/XMCLib/inc\xmc_prng.h **** 
 186:C:/Workspaces/DAVE-4.4.2-64Bit/RoverX/Libraries/XMCLib/inc\xmc_prng.h **** /**
 187:C:/Workspaces/DAVE-4.4.2-64Bit/RoverX/Libraries/XMCLib/inc\xmc_prng.h ****  * @return None
 188:C:/Workspaces/DAVE-4.4.2-64Bit/RoverX/Libraries/XMCLib/inc\xmc_prng.h ****  *
 189:C:/Workspaces/DAVE-4.4.2-64Bit/RoverX/Libraries/XMCLib/inc\xmc_prng.h ****  * \par<b>Description: </b><br>
 190:C:/Workspaces/DAVE-4.4.2-64Bit/RoverX/Libraries/XMCLib/inc\xmc_prng.h ****  * Checks the validity (CHK.RDV bit) of the generated random data <br>
 191:C:/Workspaces/DAVE-4.4.2-64Bit/RoverX/Libraries/XMCLib/inc\xmc_prng.h ****  *
 192:C:/Workspaces/DAVE-4.4.2-64Bit/RoverX/Libraries/XMCLib/inc\xmc_prng.h ****  * \par
 193:C:/Workspaces/DAVE-4.4.2-64Bit/RoverX/Libraries/XMCLib/inc\xmc_prng.h ****  * The function checks the validity (CHK.RDV bit) of the generated random data.
 194:C:/Workspaces/DAVE-4.4.2-64Bit/RoverX/Libraries/XMCLib/inc\xmc_prng.h ****  * In key loading mode, this value indicates if the next partial key word can be written
 195:C:/Workspaces/DAVE-4.4.2-64Bit/RoverX/Libraries/XMCLib/inc\xmc_prng.h ****  * to PRNG_WORD or not.
 196:C:/Workspaces/DAVE-4.4.2-64Bit/RoverX/Libraries/XMCLib/inc\xmc_prng.h ****  */
 197:C:/Workspaces/DAVE-4.4.2-64Bit/RoverX/Libraries/XMCLib/inc\xmc_prng.h **** __STATIC_INLINE uint16_t XMC_PRNG_CheckValidStatus(void)
 198:C:/Workspaces/DAVE-4.4.2-64Bit/RoverX/Libraries/XMCLib/inc\xmc_prng.h **** {
  76              	 .loc 1 198 0
  77              	 .cfi_startproc
  78 0000 80B5     	 push {r7,lr}
  79              	.LCFI3:
  80              	 .cfi_def_cfa_offset 8
  81              	 .cfi_offset 7,-8
  82              	 .cfi_offset 14,-4
  83 0002 00AF     	 add r7,sp,#0
  84              	.LCFI4:
  85              	 .cfi_def_cfa_register 7
 199:C:/Workspaces/DAVE-4.4.2-64Bit/RoverX/Libraries/XMCLib/inc\xmc_prng.h ****   return (PRNG->CHK & PRNG_CHK_RDV_Msk);
  86              	 .loc 1 199 0
  87 0004 044B     	 ldr r3,.L6
  88 0006 9B88     	 ldrh r3,[r3,#4]
  89 0008 9BB2     	 uxth r3,r3
  90 000a 0122     	 mov r2,#1
  91 000c 1340     	 and r3,r2
  92 000e 9BB2     	 uxth r3,r3
 200:C:/Workspaces/DAVE-4.4.2-64Bit/RoverX/Libraries/XMCLib/inc\xmc_prng.h **** }
  93              	 .loc 1 200 0
  94 0010 181C     	 mov r0,r3
  95 0012 BD46     	 mov sp,r7
  96              	 
  97 0014 80BD     	 pop {r7,pc}
  98              	.L7:
  99 0016 C046     	 .align 2
 100              	.L6:
 101 0018 00000248 	 .word 1208090624
 102              	 .cfi_endproc
 103              	.LFE43:
 105              	 .section .text.XMC_PRNG_EnableKeyLoadingMode,"ax",%progbits
 106              	 .align 2
 107              	 .code 16
 108              	 .thumb_func
 110              	XMC_PRNG_EnableKeyLoadingMode:
 111              	.LFB44:
 201:C:/Workspaces/DAVE-4.4.2-64Bit/RoverX/Libraries/XMCLib/inc\xmc_prng.h **** 
 202:C:/Workspaces/DAVE-4.4.2-64Bit/RoverX/Libraries/XMCLib/inc\xmc_prng.h **** /**
 203:C:/Workspaces/DAVE-4.4.2-64Bit/RoverX/Libraries/XMCLib/inc\xmc_prng.h ****  * @return None
 204:C:/Workspaces/DAVE-4.4.2-64Bit/RoverX/Libraries/XMCLib/inc\xmc_prng.h ****  *
 205:C:/Workspaces/DAVE-4.4.2-64Bit/RoverX/Libraries/XMCLib/inc\xmc_prng.h ****  * \par<b>Description: </b><br>
 206:C:/Workspaces/DAVE-4.4.2-64Bit/RoverX/Libraries/XMCLib/inc\xmc_prng.h ****  * Enables the PRNG key loading mode <br>
 207:C:/Workspaces/DAVE-4.4.2-64Bit/RoverX/Libraries/XMCLib/inc\xmc_prng.h ****  *
 208:C:/Workspaces/DAVE-4.4.2-64Bit/RoverX/Libraries/XMCLib/inc\xmc_prng.h ****  * \par
 209:C:/Workspaces/DAVE-4.4.2-64Bit/RoverX/Libraries/XMCLib/inc\xmc_prng.h ****  * The function initializes the key loading by setting the bit CTRL.KLD. In this mode, Register WOR
 210:C:/Workspaces/DAVE-4.4.2-64Bit/RoverX/Libraries/XMCLib/inc\xmc_prng.h ****  * acts as always as a 16 bit destination register. After the complete key has been loaded, the CTR
 211:C:/Workspaces/DAVE-4.4.2-64Bit/RoverX/Libraries/XMCLib/inc\xmc_prng.h ****  * must be set to '0' to prepare the following warmup phase.
 212:C:/Workspaces/DAVE-4.4.2-64Bit/RoverX/Libraries/XMCLib/inc\xmc_prng.h ****  *
 213:C:/Workspaces/DAVE-4.4.2-64Bit/RoverX/Libraries/XMCLib/inc\xmc_prng.h ****  * \par<b>Related APIs:</b><br>
 214:C:/Workspaces/DAVE-4.4.2-64Bit/RoverX/Libraries/XMCLib/inc\xmc_prng.h ****  * XMC_PRNG_EnableStreamingMode()
 215:C:/Workspaces/DAVE-4.4.2-64Bit/RoverX/Libraries/XMCLib/inc\xmc_prng.h ****  */
 216:C:/Workspaces/DAVE-4.4.2-64Bit/RoverX/Libraries/XMCLib/inc\xmc_prng.h **** __STATIC_INLINE void XMC_PRNG_EnableKeyLoadingMode(void)
 217:C:/Workspaces/DAVE-4.4.2-64Bit/RoverX/Libraries/XMCLib/inc\xmc_prng.h **** {
 112              	 .loc 1 217 0
 113              	 .cfi_startproc
 114 0000 80B5     	 push {r7,lr}
 115              	.LCFI5:
 116              	 .cfi_def_cfa_offset 8
 117              	 .cfi_offset 7,-8
 118              	 .cfi_offset 14,-4
 119 0002 00AF     	 add r7,sp,#0
 120              	.LCFI6:
 121              	 .cfi_def_cfa_register 7
 218:C:/Workspaces/DAVE-4.4.2-64Bit/RoverX/Libraries/XMCLib/inc\xmc_prng.h ****   PRNG->CTRL |= (uint16_t)PRNG_CTRL_KLD_Msk;
 122              	 .loc 1 218 0
 123 0004 044A     	 ldr r2,.L9
 124 0006 044B     	 ldr r3,.L9
 125 0008 9B89     	 ldrh r3,[r3,#12]
 126 000a 9BB2     	 uxth r3,r3
 127 000c 0821     	 mov r1,#8
 128 000e 0B43     	 orr r3,r1
 129 0010 9BB2     	 uxth r3,r3
 130 0012 9381     	 strh r3,[r2,#12]
 219:C:/Workspaces/DAVE-4.4.2-64Bit/RoverX/Libraries/XMCLib/inc\xmc_prng.h **** }
 131              	 .loc 1 219 0
 132 0014 BD46     	 mov sp,r7
 133              	 
 134 0016 80BD     	 pop {r7,pc}
 135              	.L10:
 136              	 .align 2
 137              	.L9:
 138 0018 00000248 	 .word 1208090624
 139              	 .cfi_endproc
 140              	.LFE44:
 142              	 .section .text.XMC_PRNG_EnableStreamingMode,"ax",%progbits
 143              	 .align 2
 144              	 .code 16
 145              	 .thumb_func
 147              	XMC_PRNG_EnableStreamingMode:
 148              	.LFB45:
 220:C:/Workspaces/DAVE-4.4.2-64Bit/RoverX/Libraries/XMCLib/inc\xmc_prng.h **** 
 221:C:/Workspaces/DAVE-4.4.2-64Bit/RoverX/Libraries/XMCLib/inc\xmc_prng.h **** /**
 222:C:/Workspaces/DAVE-4.4.2-64Bit/RoverX/Libraries/XMCLib/inc\xmc_prng.h ****  * @return None
 223:C:/Workspaces/DAVE-4.4.2-64Bit/RoverX/Libraries/XMCLib/inc\xmc_prng.h ****  *
 224:C:/Workspaces/DAVE-4.4.2-64Bit/RoverX/Libraries/XMCLib/inc\xmc_prng.h ****  * \par<b>Description: </b><br>
 225:C:/Workspaces/DAVE-4.4.2-64Bit/RoverX/Libraries/XMCLib/inc\xmc_prng.h ****  * Enables the Streaming mode <br>
 226:C:/Workspaces/DAVE-4.4.2-64Bit/RoverX/Libraries/XMCLib/inc\xmc_prng.h ****  *
 227:C:/Workspaces/DAVE-4.4.2-64Bit/RoverX/Libraries/XMCLib/inc\xmc_prng.h ****  * \par
 228:C:/Workspaces/DAVE-4.4.2-64Bit/RoverX/Libraries/XMCLib/inc\xmc_prng.h ****  * The function enables the streaming mode and disables the PRNG key loading mode by resetting the
 229:C:/Workspaces/DAVE-4.4.2-64Bit/RoverX/Libraries/XMCLib/inc\xmc_prng.h ****  * CTRL.KLD bit.
 230:C:/Workspaces/DAVE-4.4.2-64Bit/RoverX/Libraries/XMCLib/inc\xmc_prng.h ****  *
 231:C:/Workspaces/DAVE-4.4.2-64Bit/RoverX/Libraries/XMCLib/inc\xmc_prng.h ****  * \par<b>Related APIs:</b><br>
 232:C:/Workspaces/DAVE-4.4.2-64Bit/RoverX/Libraries/XMCLib/inc\xmc_prng.h ****  * XMC_PRNG_EnableKeyLoadingMode()
 233:C:/Workspaces/DAVE-4.4.2-64Bit/RoverX/Libraries/XMCLib/inc\xmc_prng.h ****  */
 234:C:/Workspaces/DAVE-4.4.2-64Bit/RoverX/Libraries/XMCLib/inc\xmc_prng.h **** __STATIC_INLINE void XMC_PRNG_EnableStreamingMode(void)
 235:C:/Workspaces/DAVE-4.4.2-64Bit/RoverX/Libraries/XMCLib/inc\xmc_prng.h **** {
 149              	 .loc 1 235 0
 150              	 .cfi_startproc
 151 0000 80B5     	 push {r7,lr}
 152              	.LCFI7:
 153              	 .cfi_def_cfa_offset 8
 154              	 .cfi_offset 7,-8
 155              	 .cfi_offset 14,-4
 156 0002 00AF     	 add r7,sp,#0
 157              	.LCFI8:
 158              	 .cfi_def_cfa_register 7
 236:C:/Workspaces/DAVE-4.4.2-64Bit/RoverX/Libraries/XMCLib/inc\xmc_prng.h ****   PRNG->CTRL &= (uint16_t)~PRNG_CTRL_KLD_Msk;
 159              	 .loc 1 236 0
 160 0004 044A     	 ldr r2,.L12
 161 0006 044B     	 ldr r3,.L12
 162 0008 9B89     	 ldrh r3,[r3,#12]
 163 000a 9BB2     	 uxth r3,r3
 164 000c 0821     	 mov r1,#8
 165 000e 8B43     	 bic r3,r1
 166 0010 9BB2     	 uxth r3,r3
 167 0012 9381     	 strh r3,[r2,#12]
 237:C:/Workspaces/DAVE-4.4.2-64Bit/RoverX/Libraries/XMCLib/inc\xmc_prng.h **** }
 168              	 .loc 1 237 0
 169 0014 BD46     	 mov sp,r7
 170              	 
 171 0016 80BD     	 pop {r7,pc}
 172              	.L13:
 173              	 .align 2
 174              	.L12:
 175 0018 00000248 	 .word 1208090624
 176              	 .cfi_endproc
 177              	.LFE45:
 179              	 .section .text.XMC_PRNG_LoadKeyWords,"ax",%progbits
 180              	 .align 2
 181              	 .code 16
 182              	 .thumb_func
 184              	XMC_PRNG_LoadKeyWords:
 185              	.LFB46:
 238:C:/Workspaces/DAVE-4.4.2-64Bit/RoverX/Libraries/XMCLib/inc\xmc_prng.h **** 
 239:C:/Workspaces/DAVE-4.4.2-64Bit/RoverX/Libraries/XMCLib/inc\xmc_prng.h **** /**
 240:C:/Workspaces/DAVE-4.4.2-64Bit/RoverX/Libraries/XMCLib/inc\xmc_prng.h ****  * @param key Key word to load into PRNG WORD register
 241:C:/Workspaces/DAVE-4.4.2-64Bit/RoverX/Libraries/XMCLib/inc\xmc_prng.h ****  * @return None
 242:C:/Workspaces/DAVE-4.4.2-64Bit/RoverX/Libraries/XMCLib/inc\xmc_prng.h ****  *
 243:C:/Workspaces/DAVE-4.4.2-64Bit/RoverX/Libraries/XMCLib/inc\xmc_prng.h ****  * \par<b>Description: </b><br>
 244:C:/Workspaces/DAVE-4.4.2-64Bit/RoverX/Libraries/XMCLib/inc\xmc_prng.h ****  * Loads a partial key word to the PRNG WORD register <br>
 245:C:/Workspaces/DAVE-4.4.2-64Bit/RoverX/Libraries/XMCLib/inc\xmc_prng.h ****  *
 246:C:/Workspaces/DAVE-4.4.2-64Bit/RoverX/Libraries/XMCLib/inc\xmc_prng.h ****  * \par
 247:C:/Workspaces/DAVE-4.4.2-64Bit/RoverX/Libraries/XMCLib/inc\xmc_prng.h ****  * The function loads partial key word to WORD registr. These partial
 248:C:/Workspaces/DAVE-4.4.2-64Bit/RoverX/Libraries/XMCLib/inc\xmc_prng.h ****  * words are sequentially written and loading a key word will take 16 clock
 249:C:/Workspaces/DAVE-4.4.2-64Bit/RoverX/Libraries/XMCLib/inc\xmc_prng.h ****  * cycles. The CHK.RDV bit is set to '0' while loading is in progress. '1' indicates
 250:C:/Workspaces/DAVE-4.4.2-64Bit/RoverX/Libraries/XMCLib/inc\xmc_prng.h ****  * that the next partial key word can be written to WORD register.
 251:C:/Workspaces/DAVE-4.4.2-64Bit/RoverX/Libraries/XMCLib/inc\xmc_prng.h ****  */
 252:C:/Workspaces/DAVE-4.4.2-64Bit/RoverX/Libraries/XMCLib/inc\xmc_prng.h **** __STATIC_INLINE void XMC_PRNG_LoadKeyWords(uint16_t key)
 253:C:/Workspaces/DAVE-4.4.2-64Bit/RoverX/Libraries/XMCLib/inc\xmc_prng.h **** {
 186              	 .loc 1 253 0
 187              	 .cfi_startproc
 188 0000 80B5     	 push {r7,lr}
 189              	.LCFI9:
 190              	 .cfi_def_cfa_offset 8
 191              	 .cfi_offset 7,-8
 192              	 .cfi_offset 14,-4
 193 0002 82B0     	 sub sp,sp,#8
 194              	.LCFI10:
 195              	 .cfi_def_cfa_offset 16
 196 0004 00AF     	 add r7,sp,#0
 197              	.LCFI11:
 198              	 .cfi_def_cfa_register 7
 199 0006 021C     	 mov r2,r0
 200 0008 BB1D     	 add r3,r7,#6
 201 000a 1A80     	 strh r2,[r3]
 254:C:/Workspaces/DAVE-4.4.2-64Bit/RoverX/Libraries/XMCLib/inc\xmc_prng.h ****   PRNG->WORD = key;
 202              	 .loc 1 254 0
 203 000c 034A     	 ldr r2,.L15
 204 000e BB1D     	 add r3,r7,#6
 205 0010 1B88     	 ldrh r3,[r3]
 206 0012 1380     	 strh r3,[r2]
 255:C:/Workspaces/DAVE-4.4.2-64Bit/RoverX/Libraries/XMCLib/inc\xmc_prng.h **** }
 207              	 .loc 1 255 0
 208 0014 BD46     	 mov sp,r7
 209 0016 02B0     	 add sp,sp,#8
 210              	 
 211 0018 80BD     	 pop {r7,pc}
 212              	.L16:
 213 001a C046     	 .align 2
 214              	.L15:
 215 001c 00000248 	 .word 1208090624
 216              	 .cfi_endproc
 217              	.LFE46:
 219              	 .section .text.XMC_PRNG_Init,"ax",%progbits
 220              	 .align 2
 221              	 .global XMC_PRNG_Init
 222              	 .code 16
 223              	 .thumb_func
 225              	XMC_PRNG_Init:
 226              	.LFB48:
 227              	 .file 2 "../Libraries/XMCLib/src/xmc_prng.c"
   1:../Libraries/XMCLib/src/xmc_prng.c **** 
   2:../Libraries/XMCLib/src/xmc_prng.c **** /**
   3:../Libraries/XMCLib/src/xmc_prng.c ****  * @file xmc_prng.c
   4:../Libraries/XMCLib/src/xmc_prng.c ****  * @date 2015-06-20
   5:../Libraries/XMCLib/src/xmc_prng.c ****  *
   6:../Libraries/XMCLib/src/xmc_prng.c ****  * @cond
   7:../Libraries/XMCLib/src/xmc_prng.c ****  *****************************************************************************
   8:../Libraries/XMCLib/src/xmc_prng.c ****  * XMClib v2.2.0 - XMC Peripheral Driver Library
   9:../Libraries/XMCLib/src/xmc_prng.c ****  *
  10:../Libraries/XMCLib/src/xmc_prng.c ****  * Copyright (c) 2015-2020, Infineon Technologies AG
  11:../Libraries/XMCLib/src/xmc_prng.c ****  * All rights reserved.
  12:../Libraries/XMCLib/src/xmc_prng.c ****  *
  13:../Libraries/XMCLib/src/xmc_prng.c ****  * Boost Software License - Version 1.0 - August 17th, 2003
  14:../Libraries/XMCLib/src/xmc_prng.c ****  *
  15:../Libraries/XMCLib/src/xmc_prng.c ****  * Permission is hereby granted, free of charge, to any person or organization
  16:../Libraries/XMCLib/src/xmc_prng.c ****  * obtaining a copy of the software and accompanying documentation covered by
  17:../Libraries/XMCLib/src/xmc_prng.c ****  * this license (the "Software") to use, reproduce, display, distribute,
  18:../Libraries/XMCLib/src/xmc_prng.c ****  * execute, and transmit the Software, and to prepare derivative works of the
  19:../Libraries/XMCLib/src/xmc_prng.c ****  * Software, and to permit third-parties to whom the Software is furnished to
  20:../Libraries/XMCLib/src/xmc_prng.c ****  * do so, all subject to the following:
  21:../Libraries/XMCLib/src/xmc_prng.c ****  *
  22:../Libraries/XMCLib/src/xmc_prng.c ****  * The copyright notices in the Software and this entire statement, including
  23:../Libraries/XMCLib/src/xmc_prng.c ****  * the above license grant, this restriction and the following disclaimer,
  24:../Libraries/XMCLib/src/xmc_prng.c ****  * must be included in all copies of the Software, in whole or in part, and
  25:../Libraries/XMCLib/src/xmc_prng.c ****  * all derivative works of the Software, unless such copies or derivative
  26:../Libraries/XMCLib/src/xmc_prng.c ****  * works are solely in the form of machine-executable object code generated by
  27:../Libraries/XMCLib/src/xmc_prng.c ****  * a source language processor.
  28:../Libraries/XMCLib/src/xmc_prng.c ****  *
  29:../Libraries/XMCLib/src/xmc_prng.c ****  * THE SOFTWARE IS PROVIDED "AS IS", WITHOUT WARRANTY OF ANY KIND, EXPRESS OR
  30:../Libraries/XMCLib/src/xmc_prng.c ****  * IMPLIED, INCLUDING BUT NOT LIMITED TO THE WARRANTIES OF MERCHANTABILITY,
  31:../Libraries/XMCLib/src/xmc_prng.c ****  * FITNESS FOR A PARTICULAR PURPOSE, TITLE AND NON-INFRINGEMENT. IN NO EVENT
  32:../Libraries/XMCLib/src/xmc_prng.c ****  * SHALL THE COPYRIGHT HOLDERS OR ANYONE DISTRIBUTING THE SOFTWARE BE LIABLE
  33:../Libraries/XMCLib/src/xmc_prng.c ****  * FOR ANY DAMAGES OR OTHER LIABILITY, WHETHER IN CONTRACT, TORT OR OTHERWISE,
  34:../Libraries/XMCLib/src/xmc_prng.c ****  * ARISING FROM, OUT OF OR IN CONNECTION WITH THE SOFTWARE OR THE USE OR OTHER
  35:../Libraries/XMCLib/src/xmc_prng.c ****  * DEALINGS IN THE SOFTWARE.
  36:../Libraries/XMCLib/src/xmc_prng.c ****  *
  37:../Libraries/XMCLib/src/xmc_prng.c ****  * To improve the quality of the software, users are encouraged to share
  38:../Libraries/XMCLib/src/xmc_prng.c ****  * modifications, enhancements or bug fixes with Infineon Technologies AG
  39:../Libraries/XMCLib/src/xmc_prng.c ****  * at XMCSupport@infineon.com.
  40:../Libraries/XMCLib/src/xmc_prng.c ****  *****************************************************************************
  41:../Libraries/XMCLib/src/xmc_prng.c ****  *
  42:../Libraries/XMCLib/src/xmc_prng.c ****  * Change History
  43:../Libraries/XMCLib/src/xmc_prng.c ****  * --------------
  44:../Libraries/XMCLib/src/xmc_prng.c ****  *
  45:../Libraries/XMCLib/src/xmc_prng.c ****  * 2015-02-20:
  46:../Libraries/XMCLib/src/xmc_prng.c ****  *     - Initial <br>
  47:../Libraries/XMCLib/src/xmc_prng.c ****  *     - Removed GetDriverVersion API <br>
  48:../Libraries/XMCLib/src/xmc_prng.c ****  *
  49:../Libraries/XMCLib/src/xmc_prng.c ****  * 2015-06-20
  50:../Libraries/XMCLib/src/xmc_prng.c ****  *     - Removed definition of GetDriverVersion API <br>
  51:../Libraries/XMCLib/src/xmc_prng.c ****  *
  52:../Libraries/XMCLib/src/xmc_prng.c ****  * @endcond
  53:../Libraries/XMCLib/src/xmc_prng.c ****  */
  54:../Libraries/XMCLib/src/xmc_prng.c **** 
  55:../Libraries/XMCLib/src/xmc_prng.c **** #include "xmc_prng.h"
  56:../Libraries/XMCLib/src/xmc_prng.c **** 
  57:../Libraries/XMCLib/src/xmc_prng.c **** #if defined (PRNG)
  58:../Libraries/XMCLib/src/xmc_prng.c **** 
  59:../Libraries/XMCLib/src/xmc_prng.c **** /**************************************************************************************************
  60:../Libraries/XMCLib/src/xmc_prng.c ****  * API IMPLEMENTATION
  61:../Libraries/XMCLib/src/xmc_prng.c ****  **************************************************************************************************
  62:../Libraries/XMCLib/src/xmc_prng.c **** 
  63:../Libraries/XMCLib/src/xmc_prng.c **** /*
  64:../Libraries/XMCLib/src/xmc_prng.c ****  * Initializes the PRNG peripheral with the settings in the
  65:../Libraries/XMCLib/src/xmc_prng.c ****  * initialization structure XMC_PRNG_INIT_t
  66:../Libraries/XMCLib/src/xmc_prng.c ****  */
  67:../Libraries/XMCLib/src/xmc_prng.c **** XMC_PRNG_INIT_STATUS_t XMC_PRNG_Init(const XMC_PRNG_INIT_t *prng)
  68:../Libraries/XMCLib/src/xmc_prng.c **** {
 228              	 .loc 2 68 0
 229              	 .cfi_startproc
 230 0000 80B5     	 push {r7,lr}
 231              	.LCFI12:
 232              	 .cfi_def_cfa_offset 8
 233              	 .cfi_offset 7,-8
 234              	 .cfi_offset 14,-4
 235 0002 84B0     	 sub sp,sp,#16
 236              	.LCFI13:
 237              	 .cfi_def_cfa_offset 24
 238 0004 00AF     	 add r7,sp,#0
 239              	.LCFI14:
 240              	 .cfi_def_cfa_register 7
 241 0006 7860     	 str r0,[r7,#4]
  69:../Libraries/XMCLib/src/xmc_prng.c ****   volatile uint16_t read_warm_up;
  70:../Libraries/XMCLib/src/xmc_prng.c ****   uint16_t reg_val, iter;
  71:../Libraries/XMCLib/src/xmc_prng.c ****   XMC_PRNG_INIT_STATUS_t status = XMC_PRNG_INITIALIZED;
 242              	 .loc 2 71 0
 243 0008 0D23     	 mov r3,#13
 244 000a FB18     	 add r3,r7,r3
 245 000c 0122     	 mov r2,#1
 246 000e 1A70     	 strb r2,[r3]
  72:../Libraries/XMCLib/src/xmc_prng.c **** 
  73:../Libraries/XMCLib/src/xmc_prng.c ****   XMC_ASSERT("XMC_PRNG_Init:Null Pointer", (prng != (XMC_PRNG_INIT_t *)NULL));
  74:../Libraries/XMCLib/src/xmc_prng.c **** 
  75:../Libraries/XMCLib/src/xmc_prng.c ****   /* Configure block size for key loading mode */
  76:../Libraries/XMCLib/src/xmc_prng.c ****   XMC_PRNG_SetRandomDataBlockSize(XMC_PRNG_RDBS_WORD);
 247              	 .loc 2 76 0
 248 0010 0220     	 mov r0,#2
 249 0012 FFF7FEFF 	 bl XMC_PRNG_SetRandomDataBlockSize
  77:../Libraries/XMCLib/src/xmc_prng.c **** 
  78:../Libraries/XMCLib/src/xmc_prng.c ****   /* Enable key loading mode */
  79:../Libraries/XMCLib/src/xmc_prng.c ****   XMC_PRNG_EnableKeyLoadingMode();
 250              	 .loc 2 79 0
 251 0016 FFF7FEFF 	 bl XMC_PRNG_EnableKeyLoadingMode
  80:../Libraries/XMCLib/src/xmc_prng.c **** 
  81:../Libraries/XMCLib/src/xmc_prng.c ****   /* Load key words (80 bits) and wait till RDV is set */
  82:../Libraries/XMCLib/src/xmc_prng.c ****   for (iter = (uint16_t)0UL; iter < (uint16_t)5UL; iter++)
 252              	 .loc 2 82 0
 253 001a 0E23     	 mov r3,#14
 254 001c FB18     	 add r3,r7,r3
 255 001e 0022     	 mov r2,#0
 256 0020 1A80     	 strh r2,[r3]
 257 0022 15E0     	 b .L18
 258              	.L20:
  83:../Libraries/XMCLib/src/xmc_prng.c ****   {
  84:../Libraries/XMCLib/src/xmc_prng.c ****     XMC_PRNG_LoadKeyWords(prng->key_words[iter]);
 259              	 .loc 2 84 0
 260 0024 0E23     	 mov r3,#14
 261 0026 FB18     	 add r3,r7,r3
 262 0028 1A88     	 ldrh r2,[r3]
 263 002a 7B68     	 ldr r3,[r7,#4]
 264 002c 5200     	 lsl r2,r2,#1
 265 002e D35A     	 ldrh r3,[r2,r3]
 266 0030 181C     	 mov r0,r3
 267 0032 FFF7FEFF 	 bl XMC_PRNG_LoadKeyWords
  85:../Libraries/XMCLib/src/xmc_prng.c ****     while (PRNG_CHK_RDV_Msk != XMC_PRNG_CheckValidStatus());
 268              	 .loc 2 85 0
 269 0036 C046     	 mov r8,r8
 270              	.L19:
 271              	 .loc 2 85 0 is_stmt 0 discriminator 1
 272 0038 FFF7FEFF 	 bl XMC_PRNG_CheckValidStatus
 273 003c 031E     	 sub r3,r0,#0
 274 003e 012B     	 cmp r3,#1
 275 0040 FAD1     	 bne .L19
  82:../Libraries/XMCLib/src/xmc_prng.c ****   {
 276              	 .loc 2 82 0 is_stmt 1 discriminator 2
 277 0042 0E23     	 mov r3,#14
 278 0044 FB18     	 add r3,r7,r3
 279 0046 1A88     	 ldrh r2,[r3]
 280 0048 0E23     	 mov r3,#14
 281 004a FB18     	 add r3,r7,r3
 282 004c 0132     	 add r2,r2,#1
 283 004e 1A80     	 strh r2,[r3]
 284              	.L18:
  82:../Libraries/XMCLib/src/xmc_prng.c ****   {
 285              	 .loc 2 82 0 is_stmt 0 discriminator 1
 286 0050 0E23     	 mov r3,#14
 287 0052 FB18     	 add r3,r7,r3
 288 0054 1B88     	 ldrh r3,[r3]
 289 0056 042B     	 cmp r3,#4
 290 0058 E4D9     	 bls .L20
  86:../Libraries/XMCLib/src/xmc_prng.c ****   }
  87:../Libraries/XMCLib/src/xmc_prng.c **** 
  88:../Libraries/XMCLib/src/xmc_prng.c ****   XMC_PRNG_EnableStreamingMode();
 291              	 .loc 2 88 0 is_stmt 1
 292 005a FFF7FEFF 	 bl XMC_PRNG_EnableStreamingMode
  89:../Libraries/XMCLib/src/xmc_prng.c **** 
  90:../Libraries/XMCLib/src/xmc_prng.c ****   /* Warm up phase: Read and discard 64 bits */
  91:../Libraries/XMCLib/src/xmc_prng.c ****   read_warm_up = PRNG->WORD;
 293              	 .loc 2 91 0
 294 005e 1D4B     	 ldr r3,.L23
 295 0060 1B88     	 ldrh r3,[r3]
 296 0062 9AB2     	 uxth r2,r3
 297 0064 0823     	 mov r3,#8
 298 0066 FB18     	 add r3,r7,r3
 299 0068 1A80     	 strh r2,[r3]
  92:../Libraries/XMCLib/src/xmc_prng.c ****   read_warm_up = PRNG->WORD;
 300              	 .loc 2 92 0
 301 006a 1A4B     	 ldr r3,.L23
 302 006c 1B88     	 ldrh r3,[r3]
 303 006e 9AB2     	 uxth r2,r3
 304 0070 0823     	 mov r3,#8
 305 0072 FB18     	 add r3,r7,r3
 306 0074 1A80     	 strh r2,[r3]
  93:../Libraries/XMCLib/src/xmc_prng.c ****   read_warm_up = PRNG->WORD;
 307              	 .loc 2 93 0
 308 0076 174B     	 ldr r3,.L23
 309 0078 1B88     	 ldrh r3,[r3]
 310 007a 9AB2     	 uxth r2,r3
 311 007c 0823     	 mov r3,#8
 312 007e FB18     	 add r3,r7,r3
 313 0080 1A80     	 strh r2,[r3]
  94:../Libraries/XMCLib/src/xmc_prng.c ****   reg_val      = PRNG->WORD;
 314              	 .loc 2 94 0
 315 0082 144A     	 ldr r2,.L23
 316 0084 0A23     	 mov r3,#10
 317 0086 FB18     	 add r3,r7,r3
 318 0088 1288     	 ldrh r2,[r2]
 319 008a 1A80     	 strh r2,[r3]
  95:../Libraries/XMCLib/src/xmc_prng.c ****   read_warm_up &= reg_val;
 320              	 .loc 2 95 0
 321 008c 0823     	 mov r3,#8
 322 008e FB18     	 add r3,r7,r3
 323 0090 1B88     	 ldrh r3,[r3]
 324 0092 9BB2     	 uxth r3,r3
 325 0094 0A22     	 mov r2,#10
 326 0096 BA18     	 add r2,r7,r2
 327 0098 1288     	 ldrh r2,[r2]
 328 009a 1340     	 and r3,r2
 329 009c 9AB2     	 uxth r2,r3
 330 009e 0823     	 mov r3,#8
 331 00a0 FB18     	 add r3,r7,r3
 332 00a2 1A80     	 strh r2,[r3]
  96:../Libraries/XMCLib/src/xmc_prng.c **** 
  97:../Libraries/XMCLib/src/xmc_prng.c ****   /* Configure block size either byte (8 bit) or word (16 bit) */
  98:../Libraries/XMCLib/src/xmc_prng.c ****   XMC_PRNG_SetRandomDataBlockSize(prng->block_size);
 333              	 .loc 2 98 0
 334 00a4 7B68     	 ldr r3,[r7,#4]
 335 00a6 9B7A     	 ldrb r3,[r3,#10]
 336 00a8 181C     	 mov r0,r3
 337 00aa FFF7FEFF 	 bl XMC_PRNG_SetRandomDataBlockSize
  99:../Libraries/XMCLib/src/xmc_prng.c **** 
 100:../Libraries/XMCLib/src/xmc_prng.c ****   /*
 101:../Libraries/XMCLib/src/xmc_prng.c ****    * Checks for reset value for "random data block size". If reset,
 102:../Libraries/XMCLib/src/xmc_prng.c ****    * PRNG is not initialized
 103:../Libraries/XMCLib/src/xmc_prng.c ****    */
 104:../Libraries/XMCLib/src/xmc_prng.c ****   if ((uint16_t)XMC_PRNG_RDBS_RESET == (PRNG->CTRL & (uint16_t)PRNG_CTRL_RDBS_Msk))
 338              	 .loc 2 104 0
 339 00ae 094B     	 ldr r3,.L23
 340 00b0 9B89     	 ldrh r3,[r3,#12]
 341 00b2 9BB2     	 uxth r3,r3
 342 00b4 1A1C     	 mov r2,r3
 343 00b6 0623     	 mov r3,#6
 344 00b8 1340     	 and r3,r2
 345 00ba 03D1     	 bne .L21
 105:../Libraries/XMCLib/src/xmc_prng.c ****   {
 106:../Libraries/XMCLib/src/xmc_prng.c ****     status = XMC_PRNG_NOT_INITIALIZED;
 346              	 .loc 2 106 0
 347 00bc 0D23     	 mov r3,#13
 348 00be FB18     	 add r3,r7,r3
 349 00c0 0022     	 mov r2,#0
 350 00c2 1A70     	 strb r2,[r3]
 351              	.L21:
 107:../Libraries/XMCLib/src/xmc_prng.c ****   }
 108:../Libraries/XMCLib/src/xmc_prng.c **** 
 109:../Libraries/XMCLib/src/xmc_prng.c ****   return status;
 352              	 .loc 2 109 0
 353 00c4 0D23     	 mov r3,#13
 354 00c6 FB18     	 add r3,r7,r3
 355 00c8 1B78     	 ldrb r3,[r3]
 110:../Libraries/XMCLib/src/xmc_prng.c **** }
 356              	 .loc 2 110 0
 357 00ca 181C     	 mov r0,r3
 358 00cc BD46     	 mov sp,r7
 359 00ce 04B0     	 add sp,sp,#16
 360              	 
 361 00d0 80BD     	 pop {r7,pc}
 362              	.L24:
 363 00d2 C046     	 .align 2
 364              	.L23:
 365 00d4 00000248 	 .word 1208090624
 366              	 .cfi_endproc
 367              	.LFE48:
 369              	 .text
 370              	.Letext0:
 371              	 .file 3 "d:\\downloads\\dave_4-4-2_64bit_2018-02-23\\dave-ide-4.4.2-64bit\\dave-ide-4.4.2-64bit\\eclipse\\arm-gcc-49\\arm-none-eabi\\include\\machine\\_default_types.h"
 372              	 .file 4 "d:\\downloads\\dave_4-4-2_64bit_2018-02-23\\dave-ide-4.4.2-64bit\\dave-ide-4.4.2-64bit\\eclipse\\arm-gcc-49\\arm-none-eabi\\include\\stdint.h"
 373              	 .file 5 "C:/Workspaces/DAVE-4.4.2-64Bit/RoverX/Libraries/CMSIS/Infineon/XMC1400_series/Include/XMC1400.h"
 374              	 .file 6 "C:/Workspaces/DAVE-4.4.2-64Bit/RoverX/Libraries/CMSIS/Include/cmsis_gcc.h"
DEFINED SYMBOLS
                            *ABS*:00000000 xmc_prng.c
    {standard input}:18     .text.XMC_PRNG_SetRandomDataBlockSize:00000000 $t
    {standard input}:22     .text.XMC_PRNG_SetRandomDataBlockSize:00000000 XMC_PRNG_SetRandomDataBlockSize
    {standard input}:65     .text.XMC_PRNG_SetRandomDataBlockSize:00000030 $d
    {standard input}:70     .text.XMC_PRNG_CheckValidStatus:00000000 $t
    {standard input}:74     .text.XMC_PRNG_CheckValidStatus:00000000 XMC_PRNG_CheckValidStatus
    {standard input}:101    .text.XMC_PRNG_CheckValidStatus:00000018 $d
    {standard input}:106    .text.XMC_PRNG_EnableKeyLoadingMode:00000000 $t
    {standard input}:110    .text.XMC_PRNG_EnableKeyLoadingMode:00000000 XMC_PRNG_EnableKeyLoadingMode
    {standard input}:138    .text.XMC_PRNG_EnableKeyLoadingMode:00000018 $d
    {standard input}:143    .text.XMC_PRNG_EnableStreamingMode:00000000 $t
    {standard input}:147    .text.XMC_PRNG_EnableStreamingMode:00000000 XMC_PRNG_EnableStreamingMode
    {standard input}:175    .text.XMC_PRNG_EnableStreamingMode:00000018 $d
    {standard input}:180    .text.XMC_PRNG_LoadKeyWords:00000000 $t
    {standard input}:184    .text.XMC_PRNG_LoadKeyWords:00000000 XMC_PRNG_LoadKeyWords
    {standard input}:215    .text.XMC_PRNG_LoadKeyWords:0000001c $d
    {standard input}:220    .text.XMC_PRNG_Init:00000000 $t
    {standard input}:225    .text.XMC_PRNG_Init:00000000 XMC_PRNG_Init
    {standard input}:365    .text.XMC_PRNG_Init:000000d4 $d
                     .debug_frame:00000010 $d

NO UNDEFINED SYMBOLS
