   1              	 .cpu cortex-m0
   2              	 .fpu softvfp
   3              	 .eabi_attribute 20,1
   4              	 .eabi_attribute 21,1
   5              	 .eabi_attribute 23,3
   6              	 .eabi_attribute 24,1
   7              	 .eabi_attribute 25,1
   8              	 .eabi_attribute 26,1
   9              	 .eabi_attribute 30,6
  10              	 .eabi_attribute 34,0
  11              	 .eabi_attribute 18,4
  12              	 .code 16
  13              	 .file "xmc_gpio.c"
  14              	 .text
  15              	.Ltext0:
  16              	 .cfi_sections .debug_frame
  17              	 .section .text.XMC_GPIO_SetMode,"ax",%progbits
  18              	 .align 2
  19              	 .global XMC_GPIO_SetMode
  20              	 .code 16
  21              	 .thumb_func
  23              	XMC_GPIO_SetMode:
  24              	.LFB52:
  25              	 .file 1 "../Libraries/XMCLib/src/xmc_gpio.c"
   1:../Libraries/XMCLib/src/xmc_gpio.c **** /**
   2:../Libraries/XMCLib/src/xmc_gpio.c ****  * @file xmc_gpio.c
   3:../Libraries/XMCLib/src/xmc_gpio.c ****  * @date 2019-12-16
   4:../Libraries/XMCLib/src/xmc_gpio.c ****  *
   5:../Libraries/XMCLib/src/xmc_gpio.c ****  * @cond
   6:../Libraries/XMCLib/src/xmc_gpio.c ****  *****************************************************************************
   7:../Libraries/XMCLib/src/xmc_gpio.c ****  * XMClib v2.2.0 - XMC Peripheral Driver Library
   8:../Libraries/XMCLib/src/xmc_gpio.c ****  *
   9:../Libraries/XMCLib/src/xmc_gpio.c ****  * Copyright (c) 2015-2020, Infineon Technologies AG
  10:../Libraries/XMCLib/src/xmc_gpio.c ****  * All rights reserved.
  11:../Libraries/XMCLib/src/xmc_gpio.c ****  *
  12:../Libraries/XMCLib/src/xmc_gpio.c ****  * Boost Software License - Version 1.0 - August 17th, 2003
  13:../Libraries/XMCLib/src/xmc_gpio.c ****  *
  14:../Libraries/XMCLib/src/xmc_gpio.c ****  * Permission is hereby granted, free of charge, to any person or organization
  15:../Libraries/XMCLib/src/xmc_gpio.c ****  * obtaining a copy of the software and accompanying documentation covered by
  16:../Libraries/XMCLib/src/xmc_gpio.c ****  * this license (the "Software") to use, reproduce, display, distribute,
  17:../Libraries/XMCLib/src/xmc_gpio.c ****  * execute, and transmit the Software, and to prepare derivative works of the
  18:../Libraries/XMCLib/src/xmc_gpio.c ****  * Software, and to permit third-parties to whom the Software is furnished to
  19:../Libraries/XMCLib/src/xmc_gpio.c ****  * do so, all subject to the following:
  20:../Libraries/XMCLib/src/xmc_gpio.c ****  *
  21:../Libraries/XMCLib/src/xmc_gpio.c ****  * The copyright notices in the Software and this entire statement, including
  22:../Libraries/XMCLib/src/xmc_gpio.c ****  * the above license grant, this restriction and the following disclaimer,
  23:../Libraries/XMCLib/src/xmc_gpio.c ****  * must be included in all copies of the Software, in whole or in part, and
  24:../Libraries/XMCLib/src/xmc_gpio.c ****  * all derivative works of the Software, unless such copies or derivative
  25:../Libraries/XMCLib/src/xmc_gpio.c ****  * works are solely in the form of machine-executable object code generated by
  26:../Libraries/XMCLib/src/xmc_gpio.c ****  * a source language processor.
  27:../Libraries/XMCLib/src/xmc_gpio.c ****  *
  28:../Libraries/XMCLib/src/xmc_gpio.c ****  * THE SOFTWARE IS PROVIDED "AS IS", WITHOUT WARRANTY OF ANY KIND, EXPRESS OR
  29:../Libraries/XMCLib/src/xmc_gpio.c ****  * IMPLIED, INCLUDING BUT NOT LIMITED TO THE WARRANTIES OF MERCHANTABILITY,
  30:../Libraries/XMCLib/src/xmc_gpio.c ****  * FITNESS FOR A PARTICULAR PURPOSE, TITLE AND NON-INFRINGEMENT. IN NO EVENT
  31:../Libraries/XMCLib/src/xmc_gpio.c ****  * SHALL THE COPYRIGHT HOLDERS OR ANYONE DISTRIBUTING THE SOFTWARE BE LIABLE
  32:../Libraries/XMCLib/src/xmc_gpio.c ****  * FOR ANY DAMAGES OR OTHER LIABILITY, WHETHER IN CONTRACT, TORT OR OTHERWISE,
  33:../Libraries/XMCLib/src/xmc_gpio.c ****  * ARISING FROM, OUT OF OR IN CONNECTION WITH THE SOFTWARE OR THE USE OR OTHER
  34:../Libraries/XMCLib/src/xmc_gpio.c ****  * DEALINGS IN THE SOFTWARE.
  35:../Libraries/XMCLib/src/xmc_gpio.c ****  *
  36:../Libraries/XMCLib/src/xmc_gpio.c ****  * To improve the quality of the software, users are encouraged to share
  37:../Libraries/XMCLib/src/xmc_gpio.c ****  * modifications, enhancements or bug fixes with Infineon Technologies AG
  38:../Libraries/XMCLib/src/xmc_gpio.c ****  * at XMCSupport@infineon.com.
  39:../Libraries/XMCLib/src/xmc_gpio.c ****  *****************************************************************************
  40:../Libraries/XMCLib/src/xmc_gpio.c ****  *
  41:../Libraries/XMCLib/src/xmc_gpio.c ****  * Change History
  42:../Libraries/XMCLib/src/xmc_gpio.c ****  * --------------
  43:../Libraries/XMCLib/src/xmc_gpio.c ****  *
  44:../Libraries/XMCLib/src/xmc_gpio.c ****  * 2015-02-20:
  45:../Libraries/XMCLib/src/xmc_gpio.c ****  *     - Initial draft <br>
  46:../Libraries/XMCLib/src/xmc_gpio.c ****  *
  47:../Libraries/XMCLib/src/xmc_gpio.c ****  * 2015-06-20:
  48:../Libraries/XMCLib/src/xmc_gpio.c ****  *     - Removed version macros and declaration of GetDriverVersion API
  49:../Libraries/XMCLib/src/xmc_gpio.c ****  *
  50:../Libraries/XMCLib/src/xmc_gpio.c ****  * 2019-12-16:
  51:../Libraries/XMCLib/src/xmc_gpio.c ****  *     - Fix including files following the convention: angle brackets are used for standard include
  52:../Libraries/XMCLib/src/xmc_gpio.c ****  *
  53:../Libraries/XMCLib/src/xmc_gpio.c ****  * @endcond
  54:../Libraries/XMCLib/src/xmc_gpio.c ****  *
  55:../Libraries/XMCLib/src/xmc_gpio.c ****  */
  56:../Libraries/XMCLib/src/xmc_gpio.c **** 
  57:../Libraries/XMCLib/src/xmc_gpio.c **** /*******************************************************************************
  58:../Libraries/XMCLib/src/xmc_gpio.c ****  * HEADER FILES
  59:../Libraries/XMCLib/src/xmc_gpio.c ****  *******************************************************************************/
  60:../Libraries/XMCLib/src/xmc_gpio.c **** 
  61:../Libraries/XMCLib/src/xmc_gpio.c **** #include "xmc_gpio.h"
  62:../Libraries/XMCLib/src/xmc_gpio.c **** 
  63:../Libraries/XMCLib/src/xmc_gpio.c **** /*******************************************************************************
  64:../Libraries/XMCLib/src/xmc_gpio.c ****  * MACROS
  65:../Libraries/XMCLib/src/xmc_gpio.c ****  *******************************************************************************/
  66:../Libraries/XMCLib/src/xmc_gpio.c **** 
  67:../Libraries/XMCLib/src/xmc_gpio.c **** #define PORT_HWSEL_Msk PORT0_HWSEL_HW0_Msk
  68:../Libraries/XMCLib/src/xmc_gpio.c **** 
  69:../Libraries/XMCLib/src/xmc_gpio.c **** /*******************************************************************************
  70:../Libraries/XMCLib/src/xmc_gpio.c ****  * API IMPLEMENTATION
  71:../Libraries/XMCLib/src/xmc_gpio.c ****  *******************************************************************************/
  72:../Libraries/XMCLib/src/xmc_gpio.c **** 
  73:../Libraries/XMCLib/src/xmc_gpio.c **** void XMC_GPIO_SetMode(XMC_GPIO_PORT_t *const port, const uint8_t pin, const XMC_GPIO_MODE_t mode)
  74:../Libraries/XMCLib/src/xmc_gpio.c **** {
  26              	 .loc 1 74 0
  27              	 .cfi_startproc
  28 0000 90B5     	 push {r4,r7,lr}
  29              	.LCFI0:
  30              	 .cfi_def_cfa_offset 12
  31              	 .cfi_offset 4,-12
  32              	 .cfi_offset 7,-8
  33              	 .cfi_offset 14,-4
  34 0002 83B0     	 sub sp,sp,#12
  35              	.LCFI1:
  36              	 .cfi_def_cfa_offset 24
  37 0004 00AF     	 add r7,sp,#0
  38              	.LCFI2:
  39              	 .cfi_def_cfa_register 7
  40 0006 7860     	 str r0,[r7,#4]
  41 0008 081C     	 mov r0,r1
  42 000a 111C     	 mov r1,r2
  43 000c FB1C     	 add r3,r7,#3
  44 000e 021C     	 add r2,r0,#0
  45 0010 1A70     	 strb r2,[r3]
  46 0012 BB1C     	 add r3,r7,#2
  47 0014 0A1C     	 add r2,r1,#0
  48 0016 1A70     	 strb r2,[r3]
  75:../Libraries/XMCLib/src/xmc_gpio.c ****   XMC_ASSERT("XMC_GPIO_SetMode: Invalid port", XMC_GPIO_CHECK_PORT(port));
  76:../Libraries/XMCLib/src/xmc_gpio.c ****   XMC_ASSERT("XMC_GPIO_SetMode: Invalid mode", XMC_GPIO_IsModeValid(mode));
  77:../Libraries/XMCLib/src/xmc_gpio.c **** 
  78:../Libraries/XMCLib/src/xmc_gpio.c ****   port->IOCR[(uint32_t)pin >> 2U] &= ~(uint32_t)((uint32_t)PORT_IOCR_PC_Msk << ((uint32_t)PORT_IOCR
  49              	 .loc 1 78 0
  50 0018 FB1C     	 add r3,r7,#3
  51 001a 1B78     	 ldrb r3,[r3]
  52 001c 9B08     	 lsr r3,r3,#2
  53 001e DBB2     	 uxtb r3,r3
  54 0020 181C     	 mov r0,r3
  55 0022 FB1C     	 add r3,r7,#3
  56 0024 1B78     	 ldrb r3,[r3]
  57 0026 9B08     	 lsr r3,r3,#2
  58 0028 DBB2     	 uxtb r3,r3
  59 002a 1A1C     	 mov r2,r3
  60 002c 7B68     	 ldr r3,[r7,#4]
  61 002e 0432     	 add r2,r2,#4
  62 0030 9200     	 lsl r2,r2,#2
  63 0032 D358     	 ldr r3,[r2,r3]
  64 0034 FA1C     	 add r2,r7,#3
  65 0036 1278     	 ldrb r2,[r2]
  66 0038 0321     	 mov r1,#3
  67 003a 0A40     	 and r2,r1
  68 003c D200     	 lsl r2,r2,#3
  69 003e 111C     	 mov r1,r2
  70 0040 FC22     	 mov r2,#252
  71 0042 8A40     	 lsl r2,r2,r1
  72 0044 D243     	 mvn r2,r2
  73 0046 1A40     	 and r2,r3
  74 0048 111C     	 mov r1,r2
  75 004a 7B68     	 ldr r3,[r7,#4]
  76 004c 021D     	 add r2,r0,#4
  77 004e 9200     	 lsl r2,r2,#2
  78 0050 D150     	 str r1,[r2,r3]
  79:../Libraries/XMCLib/src/xmc_gpio.c ****   port->IOCR[(uint32_t)pin >> 2U] |= (uint32_t)mode << ((uint32_t)PORT_IOCR_PC_Size * ((uint32_t)pi
  79              	 .loc 1 79 0
  80 0052 FB1C     	 add r3,r7,#3
  81 0054 1B78     	 ldrb r3,[r3]
  82 0056 9B08     	 lsr r3,r3,#2
  83 0058 DBB2     	 uxtb r3,r3
  84 005a 1C1C     	 mov r4,r3
  85 005c FB1C     	 add r3,r7,#3
  86 005e 1B78     	 ldrb r3,[r3]
  87 0060 9B08     	 lsr r3,r3,#2
  88 0062 DBB2     	 uxtb r3,r3
  89 0064 1A1C     	 mov r2,r3
  90 0066 7B68     	 ldr r3,[r7,#4]
  91 0068 0432     	 add r2,r2,#4
  92 006a 9200     	 lsl r2,r2,#2
  93 006c D258     	 ldr r2,[r2,r3]
  94 006e BB1C     	 add r3,r7,#2
  95 0070 1B78     	 ldrb r3,[r3]
  96 0072 F91C     	 add r1,r7,#3
  97 0074 0978     	 ldrb r1,[r1]
  98 0076 0320     	 mov r0,#3
  99 0078 0140     	 and r1,r0
 100 007a C900     	 lsl r1,r1,#3
 101 007c 8B40     	 lsl r3,r3,r1
 102 007e 1A43     	 orr r2,r3
 103 0080 111C     	 mov r1,r2
 104 0082 7B68     	 ldr r3,[r7,#4]
 105 0084 221D     	 add r2,r4,#4
 106 0086 9200     	 lsl r2,r2,#2
 107 0088 D150     	 str r1,[r2,r3]
  80:../Libraries/XMCLib/src/xmc_gpio.c **** }
 108              	 .loc 1 80 0
 109 008a BD46     	 mov sp,r7
 110 008c 03B0     	 add sp,sp,#12
 111              	 
 112 008e 90BD     	 pop {r4,r7,pc}
 113              	 .cfi_endproc
 114              	.LFE52:
 116              	 .section .text.XMC_GPIO_SetHardwareControl,"ax",%progbits
 117              	 .align 2
 118              	 .global XMC_GPIO_SetHardwareControl
 119              	 .code 16
 120              	 .thumb_func
 122              	XMC_GPIO_SetHardwareControl:
 123              	.LFB53:
  81:../Libraries/XMCLib/src/xmc_gpio.c **** 
  82:../Libraries/XMCLib/src/xmc_gpio.c **** void XMC_GPIO_SetHardwareControl(XMC_GPIO_PORT_t *const port, const uint8_t pin, const XMC_GPIO_HWC
  83:../Libraries/XMCLib/src/xmc_gpio.c **** {
 124              	 .loc 1 83 0
 125              	 .cfi_startproc
 126 0000 80B5     	 push {r7,lr}
 127              	.LCFI3:
 128              	 .cfi_def_cfa_offset 8
 129              	 .cfi_offset 7,-8
 130              	 .cfi_offset 14,-4
 131 0002 82B0     	 sub sp,sp,#8
 132              	.LCFI4:
 133              	 .cfi_def_cfa_offset 16
 134 0004 00AF     	 add r7,sp,#0
 135              	.LCFI5:
 136              	 .cfi_def_cfa_register 7
 137 0006 7860     	 str r0,[r7,#4]
 138 0008 081C     	 mov r0,r1
 139 000a 111C     	 mov r1,r2
 140 000c FB1C     	 add r3,r7,#3
 141 000e 021C     	 add r2,r0,#0
 142 0010 1A70     	 strb r2,[r3]
 143 0012 BB1C     	 add r3,r7,#2
 144 0014 0A1C     	 add r2,r1,#0
 145 0016 1A70     	 strb r2,[r3]
  84:../Libraries/XMCLib/src/xmc_gpio.c ****   XMC_ASSERT("XMC_GPIO_SetHardwareControl: Invalid port", XMC_GPIO_CHECK_PORT(port));
  85:../Libraries/XMCLib/src/xmc_gpio.c ****   XMC_ASSERT("XMC_GPIO_SetHardwareControl: Invalid hwctrl", XMC_GPIO_CHECK_HWCTRL(hwctrl));
  86:../Libraries/XMCLib/src/xmc_gpio.c **** 
  87:../Libraries/XMCLib/src/xmc_gpio.c ****   port->HWSEL &= ~(uint32_t)((uint32_t)PORT_HWSEL_Msk << ((uint32_t)pin << 1U));
 146              	 .loc 1 87 0
 147 0018 7B68     	 ldr r3,[r7,#4]
 148 001a 5B6F     	 ldr r3,[r3,#116]
 149 001c FA1C     	 add r2,r7,#3
 150 001e 1278     	 ldrb r2,[r2]
 151 0020 5200     	 lsl r2,r2,#1
 152 0022 111C     	 mov r1,r2
 153 0024 0322     	 mov r2,#3
 154 0026 8A40     	 lsl r2,r2,r1
 155 0028 D243     	 mvn r2,r2
 156 002a 1A40     	 and r2,r3
 157 002c 7B68     	 ldr r3,[r7,#4]
 158 002e 5A67     	 str r2,[r3,#116]
  88:../Libraries/XMCLib/src/xmc_gpio.c ****   port->HWSEL |= (uint32_t)hwctrl << ((uint32_t)pin << 1U);
 159              	 .loc 1 88 0
 160 0030 7B68     	 ldr r3,[r7,#4]
 161 0032 5A6F     	 ldr r2,[r3,#116]
 162 0034 BB1C     	 add r3,r7,#2
 163 0036 1B78     	 ldrb r3,[r3]
 164 0038 F91C     	 add r1,r7,#3
 165 003a 0978     	 ldrb r1,[r1]
 166 003c 4900     	 lsl r1,r1,#1
 167 003e 8B40     	 lsl r3,r3,r1
 168 0040 1A43     	 orr r2,r3
 169 0042 7B68     	 ldr r3,[r7,#4]
 170 0044 5A67     	 str r2,[r3,#116]
  89:../Libraries/XMCLib/src/xmc_gpio.c **** }
 171              	 .loc 1 89 0
 172 0046 BD46     	 mov sp,r7
 173 0048 02B0     	 add sp,sp,#8
 174              	 
 175 004a 80BD     	 pop {r7,pc}
 176              	 .cfi_endproc
 177              	.LFE53:
 179              	 .text
 180              	.Letext0:
 181              	 .file 2 "d:\\downloads\\dave_4-4-2_64bit_2018-02-23\\dave-ide-4.4.2-64bit\\dave-ide-4.4.2-64bit\\eclipse\\arm-gcc-49\\arm-none-eabi\\include\\machine\\_default_types.h"
 182              	 .file 3 "d:\\downloads\\dave_4-4-2_64bit_2018-02-23\\dave-ide-4.4.2-64bit\\dave-ide-4.4.2-64bit\\eclipse\\arm-gcc-49\\arm-none-eabi\\include\\stdint.h"
 183              	 .file 4 "C:/Workspaces/DAVE-4.4.2-64Bit/RoverX/Libraries/XMCLib/inc/xmc_gpio.h"
 184              	 .file 5 "C:/Workspaces/DAVE-4.4.2-64Bit/RoverX/Libraries/XMCLib/inc/xmc1_gpio.h"
 185              	 .file 6 "C:/Workspaces/DAVE-4.4.2-64Bit/RoverX/Libraries/CMSIS/Include/cmsis_gcc.h"
DEFINED SYMBOLS
                            *ABS*:00000000 xmc_gpio.c
    {standard input}:18     .text.XMC_GPIO_SetMode:00000000 $t
    {standard input}:23     .text.XMC_GPIO_SetMode:00000000 XMC_GPIO_SetMode
    {standard input}:117    .text.XMC_GPIO_SetHardwareControl:00000000 $t
    {standard input}:122    .text.XMC_GPIO_SetHardwareControl:00000000 XMC_GPIO_SetHardwareControl
                     .debug_frame:00000010 $d

NO UNDEFINED SYMBOLS
